Log file open, 09/04/18 07:35:09
LogWindows: Failed to load 'aqProf.dll' (GetLastError=126)
LogWindows: File 'aqProf.dll' does not exist
LogWindows: Failed to load 'VSPerf140.dll' (GetLastError=126)
LogWindows: File 'VSPerf140.dll' does not exist
LogWindows: Failed to load 'VtuneApi.dll' (GetLastError=126)
LogWindows: File 'VtuneApi.dll' does not exist
LogWindows: Failed to load 'VtuneApi32e.dll' (GetLastError=126)
LogWindows: File 'VtuneApi32e.dll' does not exist
LogInit: Display: Running engine for game: MyProject
LogPlatformFile: Not using cached read wrapper
LogTaskGraph: Started task graph with 5 named threads and 23 total threads with 3 sets of task threads.
LogStats: Stats thread started at 0.246585
LogD3D11RHI: Loaded GFSDK_Aftermath_Lib.x64.dll
LogICUInternationalization: Display: ICU TimeZone Detection - Raw Offset: -6:00, Platform Override: ''
LogPluginManager: Mounting plugin Paper2D
LogPluginManager: Mounting plugin AISupport
LogPluginManager: Mounting plugin LightPropagationVolume
LogPluginManager: Mounting plugin CLionSourceCodeAccess
LogPluginManager: Mounting plugin CodeLiteSourceCodeAccess
LogPluginManager: Mounting plugin GitSourceControl
LogPluginManager: Mounting plugin KDevelopSourceCodeAccess
LogPluginManager: Mounting plugin NullSourceCodeAccess
LogPluginManager: Mounting plugin PerforceSourceControl
LogPluginManager: Mounting plugin SubversionSourceControl
LogPluginManager: Mounting plugin UObjectPlugin
LogPluginManager: Mounting plugin VisualStudioCodeSourceCodeAccess
LogPluginManager: Mounting plugin VisualStudioSourceCodeAccess
LogPluginManager: Mounting plugin XCodeSourceCodeAccess
LogPluginManager: Mounting plugin AssetManagerEditor
LogPluginManager: Mounting plugin CryptoKeys
LogPluginManager: Mounting plugin DataValidation
LogPluginManager: Mounting plugin EditorScriptingUtilities
LogPluginManager: Mounting plugin FacialAnimation
LogPluginManager: Mounting plugin GameplayTagsEditor
LogPluginManager: Mounting plugin MacGraphicsSwitching
LogPluginManager: Mounting plugin MeshEditor
LogPluginManager: Mounting plugin MobileLauncherProfileWizard
LogPluginManager: Mounting plugin PluginBrowser
LogPluginManager: Mounting plugin SpeedTreeImporter
LogPluginManager: Mounting plugin DatasmithContent
LogPluginManager: Mounting plugin AlembicImporter
LogPluginManager: Mounting plugin AppleImageUtils
LogPluginManager: Mounting plugin AppleVision
LogPluginManager: Mounting plugin BackChannel
LogPluginManager: Mounting plugin CharacterAI
LogPluginManager: Mounting plugin GeometryCache
LogPluginManager: Mounting plugin HTML5Networking
LogPluginManager: Mounting plugin ProxyLODPlugin
LogPluginManager: Mounting plugin MagicLeap
LogPluginManager: Mounting plugin MagicLeapEmulator
LogPluginManager: Mounting plugin MagicLeapMedia
LogPluginManager: Mounting plugin AndroidMedia
LogPluginManager: Mounting plugin AvfMedia
LogPluginManager: Mounting plugin ImgMedia
LogPluginManager: Mounting plugin LinearTimecode
LogPluginManager: Mounting plugin MediaCompositing
LogPluginManager: Mounting plugin MediaPlayerEditor
LogPluginManager: Mounting plugin WmfMedia
LogPluginManager: Mounting plugin TcpMessaging
LogPluginManager: Mounting plugin UdpMessaging
LogPluginManager: Mounting plugin ActorSequence
LogPluginManager: Mounting plugin LevelSequenceEditor
LogPluginManager: Mounting plugin MatineeToLevelSequence
LogPluginManager: Mounting plugin NetcodeUnitTest
LogPluginManager: Mounting plugin NUTUnrealEngine4
LogPluginManager: Mounting plugin OnlineSubsystemGooglePlay
LogPluginManager: Mounting plugin OnlineSubsystemIOS
LogPluginManager: Mounting plugin OnlineSubsystem
LogPluginManager: Mounting plugin OnlineSubsystemNull
LogPluginManager: Mounting plugin OnlineSubsystemUtils
LogPluginManager: Mounting plugin LauncherChunkInstaller
LogPluginManager: Mounting plugin AndroidDeviceProfileSelector
LogPluginManager: Mounting plugin AndroidMoviePlayer
LogPluginManager: Mounting plugin AndroidPermission
LogPluginManager: Mounting plugin AppleMoviePlayer
LogPluginManager: Mounting plugin ArchVisCharacter
LogPluginManager: Mounting plugin AudioCapture
LogPluginManager: Mounting plugin CableComponent
LogPluginManager: Mounting plugin CustomMeshComponent
LogPluginManager: Mounting plugin EditableMesh
LogPluginManager: Mounting plugin ExampleDeviceProfileSelector
LogPluginManager: Mounting plugin GoogleCloudMessaging
LogPluginManager: Mounting plugin ImmediatePhysics
LogPluginManager: Mounting plugin IOSDeviceProfileSelector
LogPluginManager: Mounting plugin LinuxDeviceProfileSelector
LogPluginManager: Mounting plugin LocationServicesBPLibrary
LogPluginManager: Mounting plugin MobilePatchingUtils
LogPluginManager: Mounting plugin OculusVR
LogPluginManager: Plugin shader directory ../../../Engine/Plugins/Runtime/Oculus/OculusVR/Shaders found
LogPluginManager: Mapping shader source directory ../../../Engine/Plugins/Runtime/Oculus/OculusVR/Shaders to virtual directory /Plugin/OculusVR
LogPluginManager: Mounting plugin PhysXVehicles
LogPluginManager: Mounting plugin ProceduralMeshComponent
LogPluginManager: Mounting plugin RuntimePhysXCooking
LogPluginManager: Mounting plugin SteamVR
LogPluginManager: Mounting plugin WindowsMoviePlayer
LogPluginManager: Mounting plugin DatasmithCADImporter
LogPluginManager: Mounting plugin DatasmithFBXImporter
LogPluginManager: Mounting plugin DatasmithImporter
LogPluginManager: Mounting plugin DatasmithMDLImporter
LogPluginManager: Mounting plugin StaticMeshEditorExtension
LogStreaming: Display: Took  0.192s to configure plugins.
LogInit: Using libcurl 7.55.1-DEV
LogInit:  - built for x86_64-pc-win32
LogInit:  - supports SSL with OpenSSL/1.0.2h
LogInit:  - supports HTTP deflate (compression) using libz 1.2.8
LogInit:  - other features:
LogInit:      CURL_VERSION_SSL
LogInit:      CURL_VERSION_LIBZ
LogInit:      CURL_VERSION_IPV6
LogInit:      CURL_VERSION_ASYNCHDNS
LogInit:      CURL_VERSION_LARGEFILE
LogInit:      CURL_VERSION_IDN
LogInit:  CurlRequestOptions (configurable via config and command line):
LogInit:  - bVerifyPeer = false  - Libcurl will NOT verify peer certificate
LogInit:  - bUseHttpProxy = false  - Libcurl will NOT use HTTP proxy
LogInit:  - bDontReuseConnections = false  - Libcurl will reuse connections
LogInit:  - CertBundlePath = nullptr  - Libcurl will use whatever was configured at build time.
LogInit:  - MaxHostConnections = 16  - Libcurl will limit the number of connections to a host
LogInit:  - LocalHostAddr = Default
LogInit:  - BufferSize = 65536
LogInit: WinSock: version 1.1 (2.2), MaxSocks=32767, MaxUdp=65467
LogInit: Build: ++UE4+Release-4.20-CL-4233996
LogInit: Engine Version: 4.20.1-4233996+++UE4+Release-4.20
LogInit: Compatible Engine Version: 4.20.0-4212847+++UE4+Release-4.20
LogInit: Net CL: 4212847
LogInit: OS: Windows 7 (Service Pack 1), CPU: Intel(R) Core(TM) i7-4790 CPU @ 3.60GHz, GPU: NVIDIA Quadro K600 
LogInit: Compiled (64-bit): Jul 26 2018 10:07:30
LogInit: Compiled with Visual C++: 19.13.26129.00
LogInit: Build Configuration: Development
LogInit: Branch Name: ++UE4+Release-4.20
LogInit: Command Line: 
LogInit: Base Directory: C:/Program Files/Epic Games/UE_4.20/Engine/Binaries/Win64/
LogInit: Installed Engine Build: 1
LogDevObjectVersion: Number of dev versions registered: 20
LogDevObjectVersion:   Dev-Blueprints (B0D832E4-1F89-4F0D-ACCF-7EB736FD4AA2): 10
LogDevObjectVersion:   Dev-Build (E1C64328-A22C-4D53-A36C-8E866417BD8C): 0
LogDevObjectVersion:   Dev-Core (375EC13C-06E4-48FB-B500-84F0262A717E): 2
LogDevObjectVersion:   Dev-Editor (E4B068ED-F494-42E9-A231-DA0B2E46BB41): 24
LogDevObjectVersion:   Dev-Framework (CFFC743F-43B0-4480-9391-14DF171D2073): 34
LogDevObjectVersion:   Dev-Mobile (B02B49B5-BB20-44E9-A304-32B752E40360): 2
LogDevObjectVersion:   Dev-Networking (A4E4105C-59A1-49B5-A7C5-40C4547EDFEE): 0
LogDevObjectVersion:   Dev-Online (39C831C9-5AE6-47DC-9A44-9C173E1C8E7C): 0
LogDevObjectVersion:   Dev-Physics (78F01B33-EBEA-4F98-B9B4-84EACCB95AA2): 0
LogDevObjectVersion:   Dev-Platform (6631380F-2D4D-43E0-8009-CF276956A95A): 0
LogDevObjectVersion:   Dev-Rendering (12F88B9F-8875-4AFC-A67C-D90C383ABD29): 26
LogDevObjectVersion:   Dev-Sequencer (7B5AE74C-D270-4C10-A958-57980B212A5A): 9
LogDevObjectVersion:   Dev-VR (D7296918-1DD6-4BDD-9DE2-64A83CC13884): 2
LogDevObjectVersion:   Dev-LoadTimes (C2A15278-BFE7-4AFE-6C17-90FF531DF755): 1
LogDevObjectVersion:   Private-Geometry (6EACA3D4-40EC-4CC1-B786-8BED09428FC5): 3
LogDevObjectVersion:   Dev-AnimPhys (29E575DD-E0A3-4627-9D10-D276232CDCEA): 17
LogDevObjectVersion:   Dev-ReflectionCapture (6B266CEC-1EC7-4B8F-A30B-E4D90942FC07): 1
LogDevObjectVersion:   Dev-Automation (0DF73D61-A23F-47EA-B727-89E90C41499A): 1
LogDevObjectVersion:   FortniteMain (601D1886-AC64-4F84-AA16-D3DE0DEAC7D6): 12
LogDevObjectVersion:   Dev-Enterprise (9DFFBCD6-494F-0158-E221-12823C92A888): 1
LogStreaming: Display: Took  0.001s to delete old logs.
LogInit: Presizing for max 8388607 objects, including 0 objects not considered by GC, pre-allocating 0 bytes for permanent pool.
LogInit: Object subsystem initialized
[2018.09.04-12.35.09:438][  0]LogInit: Selected Device Profile: [Windows]
[2018.09.04-12.35.09:438][  0]LogInit: Applying CVar settings loaded from the selected device profile: [Windows]
[2018.09.04-12.35.09:502][  0]LogHAL: Display: Platform has ~ 16 GB [16920637440 / 17179869184 / 16], which maps to Larger [LargestMinGB=32, LargerMinGB=12, DefaultMinGB=8, SmallerMinGB=6, SmallestMinGB=0)
[2018.09.04-12.35.09:502][  0]LogInit: Setting Device Profile CVar: [[r.Vulkan.UseRealUBs:1]]
[2018.09.04-12.35.09:502][  0]LogInit: Going up to parent DeviceProfile []
[2018.09.04-12.35.09:502][  0]LogInit: Computer: VAN309DT35425
[2018.09.04-12.35.09:503][  0]LogInit: User: 8801492
[2018.09.04-12.35.09:503][  0]LogInit: CPU Page size=4096, Cores=4
[2018.09.04-12.35.09:503][  0]LogInit: High frequency timer resolution =3.507539 MHz
[2018.09.04-12.35.09:503][  0]LogMemory: Memory total: Physical=15.8GB (16GB approx)
[2018.09.04-12.35.09:503][  0]LogMemory: Platform Memory Stats for Windows
[2018.09.04-12.35.09:503][  0]LogMemory: Process Physical Memory: 101.58 MB used, 101.58 MB peak
[2018.09.04-12.35.09:503][  0]LogMemory: Process Virtual Memory: 94.30 MB used, 94.30 MB peak
[2018.09.04-12.35.09:503][  0]LogMemory: Physical Memory: 3977.42 MB used,  12159.36 MB free, 16136.78 MB total
[2018.09.04-12.35.09:503][  0]LogMemory: Virtual Memory: 494.04 MB used,  12159.36 MB free, 8388608.00 MB total
[2018.09.04-12.35.09:537][  0]LogInit: Using OS detected language (en-US).
[2018.09.04-12.35.09:537][  0]LogInit: Using OS detected locale (en-US).
[2018.09.04-12.35.09:538][  0]LogTextLocalizationManager: No specific localization for 'en-US' exists, so the 'en' localization will be used.
[2018.09.04-12.35.09:889][  0]LogStreaming: Display: Took  0.352s to InitEngineTextLocalization.
[2018.09.04-12.35.09:890][  0]LogWindows: Failed to load 'shcore.dll' (GetLastError=126)
[2018.09.04-12.35.09:890][  0]LogWindows: File 'shcore.dll' does not exist
[2018.09.04-12.35.09:890][  0]LogInit: Setting process to DPI aware
[2018.09.04-12.35.09:902][  0]LogSlate: New Slate User Created.  User Index 0, Is Virtual User: 0
[2018.09.04-12.35.09:902][  0]LogSlate: Slate User Registered.  User Index 0, Is Virtual User: 0
[2018.09.04-12.35.10:032][  0]LogHMD: Failed to initialize OpenVR with code 110
[2018.09.04-12.35.10:032][  0]LogD3D11RHI: D3D11 adapters:
[2018.09.04-12.35.10:045][  0]LogD3D11RHI:    0. 'NVIDIA Quadro K600 ' (Feature Level 11_0)
[2018.09.04-12.35.10:045][  0]LogD3D11RHI:       974/0/7812 MB DedicatedVideo/DedicatedSystem/SharedSystem, Outputs:2, VendorId:0x10de
[2018.09.04-12.35.10:045][  0]LogD3D11RHI: Chosen D3D11 Adapter: 0
[2018.09.04-12.35.10:049][  0]LogD3D11RHI: Creating new Direct3DDevice
[2018.09.04-12.35.10:049][  0]LogD3D11RHI:     GPU DeviceId: 0xffa (for the marketing name, search the web for "GPU Device Id")
[2018.09.04-12.35.10:049][  0]LogWindows: EnumDisplayDevices:
[2018.09.04-12.35.10:049][  0]LogWindows:    0. 'NVIDIA Quadro K600 ' (P:1 D:1)
[2018.09.04-12.35.10:049][  0]LogWindows:    1. 'NVIDIA Quadro K600 ' (P:0 D:1)
[2018.09.04-12.35.10:049][  0]LogWindows:    2. 'RDPDD Chained DD' (P:0 D:0)
[2018.09.04-12.35.10:050][  0]LogWindows:    3. 'RDP Encoder Mirror Driver' (P:0 D:0)
[2018.09.04-12.35.10:050][  0]LogWindows:    4. 'RDP Reflector Display Driver' (P:0 D:0)
[2018.09.04-12.35.10:050][  0]LogWindows: DebugString: GetVideoDriverDetailsInvalid PrimaryIsNotTheChoosenAdapter GetVideoDriverDetailsInvalid PrimaryIsNotTheChoosenAdapter GetVideoDriverDetailsInvalid PrimaryIsNotTheChoosenAdapter FoundDriverCount:2 
[2018.09.04-12.35.10:050][  0]LogD3D11RHI:     Adapter Name: NVIDIA Quadro K600 
[2018.09.04-12.35.10:050][  0]LogD3D11RHI:   Driver Version: 311.66 (internal:9.18.13.1166, unified:311.66)
[2018.09.04-12.35.10:050][  0]LogD3D11RHI:      Driver Date: 5-14-2013
[2018.09.04-12.35.10:050][  0]LogRHI: Texture pool is 682 MB (70% of 974 MB)
[2018.09.04-12.35.10:058][  0]LogD3D11RHI: NvAPI_D3D_GetCurrentSLIState failed: 0xfffffff7
[2018.09.04-12.35.10:058][  0]LogD3D11RHI: Async texture creation enabled
[2018.09.04-12.35.10:068][  0]LogD3D11RHI: GPU Timing Frequency: 1000.000000 (Debug: 2 1)
[2018.09.04-12.35.18:059][  0]LogShaderCompilers: Guid format shader working directory is -19 characters bigger than the processId version (../../../../../../Users/8801492/Documents/Unreal Projects/MyProject/Intermediate/Shaders/WorkingDirectory/8396/).
[2018.09.04-12.35.18:059][  0]LogShaderCompilers: Cleaned the shader compiler working directory 'C:/Users/8801492/AppData/Local/Temp/UnrealShaderWorkingDir/7D82A4D847C64E38DA17DEB19FD71C07/'.
[2018.09.04-12.35.18:328][  0]LogTemp: Display: Loaded TP AllDesktopTargetPlatform
[2018.09.04-12.35.18:340][  0]LogTemp: Display: Loaded TP MacClientTargetPlatform
[2018.09.04-12.35.18:351][  0]LogTemp: Display: Loaded TP MacNoEditorTargetPlatform
[2018.09.04-12.35.18:362][  0]LogTemp: Display: Loaded TP MacServerTargetPlatform
[2018.09.04-12.35.18:373][  0]LogTemp: Display: Loaded TP MacTargetPlatform
[2018.09.04-12.35.18:384][  0]LogTemp: Display: Loaded TP WindowsClientTargetPlatform
[2018.09.04-12.35.18:395][  0]LogTemp: Display: Loaded TP WindowsNoEditorTargetPlatform
[2018.09.04-12.35.18:406][  0]LogTemp: Display: Loaded TP WindowsServerTargetPlatform
[2018.09.04-12.35.18:411][  0]LogTemp: Display: Loaded TP WindowsTargetPlatform
[2018.09.04-12.35.18:479][  0]LogTemp: Display: Loaded TP AndroidTargetPlatform
[2018.09.04-12.35.18:479][  0]LogTemp: Display: Loaded TP AndroidTargetPlatform
[2018.09.04-12.35.18:479][  0]LogTemp: Display: Loaded TP AndroidTargetPlatform
[2018.09.04-12.35.18:479][  0]LogTemp: Display: Loaded TP AndroidTargetPlatform
[2018.09.04-12.35.18:479][  0]LogTemp: Display: Loaded TP AndroidTargetPlatform
[2018.09.04-12.35.18:479][  0]LogTemp: Display: Loaded TP AndroidTargetPlatform
[2018.09.04-12.35.18:479][  0]LogTemp: Display: Loaded TP AndroidTargetPlatform
[2018.09.04-12.35.18:479][  0]LogTemp: Display: Loaded TP AndroidTargetPlatform
[2018.09.04-12.35.18:479][  0]LogTemp: Display: Loaded TP AndroidTargetPlatform
[2018.09.04-12.35.18:479][  0]LogTemp: Display: Loaded TP AndroidTargetPlatform
[2018.09.04-12.35.18:479][  0]LogTemp: Display: Loaded TP AndroidTargetPlatform
[2018.09.04-12.35.18:479][  0]LogTemp: Display: Loaded TP AndroidTargetPlatform
[2018.09.04-12.35.18:479][  0]LogTemp: Display: Loaded TP AndroidTargetPlatform
[2018.09.04-12.35.18:479][  0]LogTemp: Display: Loaded TP AndroidTargetPlatform
[2018.09.04-12.35.18:479][  0]LogTemp: Display: Loaded TP AndroidTargetPlatform
[2018.09.04-12.35.18:479][  0]LogTemp: Display: Loaded TP AndroidTargetPlatform
[2018.09.04-12.35.18:479][  0]LogTemp: Display: Loaded TP AndroidTargetPlatform
[2018.09.04-12.35.18:479][  0]LogTemp: Display: Loaded TP AndroidTargetPlatform
[2018.09.04-12.35.18:480][  0]LogTemp: Display: Loaded TP HTML5TargetPlatform
[2018.09.04-12.35.18:532][  0]LogTemp: Display: Loaded TP IOSTargetPlatform
[2018.09.04-12.35.18:532][  0]LogTemp: Display: Loaded TP IOSTargetPlatform
[2018.09.04-12.35.18:552][  0]LogTemp: Display: Loaded TP TVOSTargetPlatform
[2018.09.04-12.35.18:552][  0]LogTemp: Display: Loaded TP TVOSTargetPlatform
[2018.09.04-12.35.18:563][  0]LogTemp: Display: Loaded TP LinuxClientTargetPlatform
[2018.09.04-12.35.18:574][  0]LogTemp: Display: Loaded TP LinuxNoEditorTargetPlatform
[2018.09.04-12.35.18:586][  0]LogTemp: Display: Loaded TP LinuxServerTargetPlatform
[2018.09.04-12.35.18:597][  0]LogTemp: Display: Loaded TP LinuxTargetPlatform
[2018.09.04-12.35.18:605][  0]LogTemp: Display: Loaded TP LuminTargetPlatform
[2018.09.04-12.35.18:605][  0]LogTargetPlatformManager: Display: Building Assets For Windows
[2018.09.04-12.35.18:646][  0]LogXGEController: Cannot use XGE Controller as Incredibuild is not installed on this machine.
[2018.09.04-12.35.18:646][  0]LogShaderCompilers: Cannot use XGE Shader Compiler as Incredibuild is not installed on this machine.
[2018.09.04-12.35.18:646][  0]LogShaderCompilers: Display: Using Local Shader Compiler.
[2018.09.04-12.35.19:298][  0]LogDerivedDataCache: Display: Max Cache Size: 512 MB
[2018.09.04-12.35.19:371][  0]LogDerivedDataCache: Loaded boot cache 0.07s 87MB C:/Users/8801492/AppData/Local/UnrealEngine/4.20/DerivedDataCache/Boot.ddc.
[2018.09.04-12.35.19:371][  0]LogDerivedDataCache: Display: Loaded Boot cache: C:/Users/8801492/AppData/Local/UnrealEngine/4.20/DerivedDataCache/Boot.ddc
[2018.09.04-12.35.19:371][  0]LogDerivedDataCache: FDerivedDataBackendGraph:  Pak pak cache file ../../../../../../Users/8801492/Documents/Unreal Projects/MyProject/DerivedDataCache/DDC.ddp not found, will not use a pak cache.
[2018.09.04-12.35.19:371][  0]LogDerivedDataCache: Unable to find inner node Pak for hierarchical cache Hierarchy.
[2018.09.04-12.35.19:371][  0]LogDerivedDataCache: FDerivedDataBackendGraph:  CompressedPak pak cache file ../../../../../../Users/8801492/Documents/Unreal Projects/MyProject/DerivedDataCache/Compressed.ddp not found, will not use a pak cache.
[2018.09.04-12.35.19:371][  0]LogDerivedDataCache: Unable to find inner node CompressedPak for hierarchical cache Hierarchy.
[2018.09.04-12.35.19:382][  0]LogDerivedDataCache: Display: Pak cache opened for reading ../../../Engine/DerivedDataCache/Compressed.ddp.
[2018.09.04-12.35.19:393][  0]LogDerivedDataCache: Using Local data cache path C:/Users/8801492/AppData/Local/UnrealEngine/Common/DerivedDataCache: Writable
[2018.09.04-12.35.19:393][  0]LogDerivedDataCache: Shared data cache path not found in *engine.ini, will not use an Shared cache.
[2018.09.04-12.35.19:393][  0]LogDerivedDataCache: Unable to find inner node Shared for hierarchical cache Hierarchy.
[2018.09.04-12.35.19:410][  0]LogMaterial: Verifying Global Shaders for PCD3D_SM5
[2018.09.04-12.35.19:412][  0]LogSlate: Using FreeType 2.6.0
[2018.09.04-12.35.19:412][  0]LogSlate: SlateFontServices - WITH_FREETYPE: 1, WITH_HARFBUZZ: 1
[2018.09.04-12.35.19:479][  0]LogAssetRegistry: FAssetRegistry took 0.0237 seconds to start up
[2018.09.04-12.35.19:755][  0]LogInit: Selected Device Profile: [Windows]
[2018.09.04-12.35.19:868][  0]LogSimplygon: Simplygon DLL not present - disabling.
[2018.09.04-12.35.19:869][  0]LogMeshReduction: Using SimplygonSwarm for distributed automatic mesh merging
[2018.09.04-12.35.19:869][  0]LogMeshReduction: Using ProxyLODMeshReduction for automatic mesh merging
[2018.09.04-12.35.19:870][  0]LogMeshReduction: Using QuadricMeshReduction for automatic static mesh reduction
[2018.09.04-12.35.19:870][  0]LogMeshReduction: No automatic skeletal mesh reduction module available
[2018.09.04-12.35.19:883][  0]LogNetVersion: MyProject 1.0.0, NetCL: 4212847, EngineNetVer: 5, GameNetVer: 0 (Checksum: 1110078900)
[2018.09.04-12.35.20:381][  0]LogPackageLocalizationCache: Processed 13 localized package path(s) for 2 prioritized culture(s) in 0.118490 seconds
[2018.09.04-12.35.20:387][  0]LogUObjectArray: 38425 objects as part of root set at end of initial load.
[2018.09.04-12.35.20:387][  0]LogUObjectAllocator: 6690872 out of 0 bytes used by permanent object pool.
[2018.09.04-12.35.20:387][  0]LogUObjectArray: CloseDisregardForGC: 0/0 objects in disregard for GC pool
[2018.09.04-12.35.21:082][  0]LogTcpMessaging: Initializing TcpMessaging bridge
[2018.09.04-12.35.21:094][  0]LogUdpMessaging: Initializing bridge on interface 0.0.0.0:0 to multicast group 230.0.0.1:6666.
[2018.09.04-12.35.21:253][  0]SourceControl: Source control is disabled
[2018.09.04-12.35.21:253][  0]SourceControl: Source control is disabled
[2018.09.04-12.35.21:254][  0]SourceControl: Source control is disabled
[2018.09.04-12.35.21:255][  0]SourceControl: Source control is disabled
[2018.09.04-12.35.21:796][  0]LogAndroidPermission: UAndroidPermissionCallbackProxy::GetInstance
[2018.09.04-12.35.21:856][  0]LogOcInput: OculusInput pre-init called
[2018.09.04-12.35.23:827][  0]LogEngine: Initializing Engine...
[2018.09.04-12.35.23:828][  0]LogHMD: Failed to initialize OpenVR with code 110
[2018.09.04-12.35.23:829][  0]LogStats: UGameplayTagsManager::ConstructGameplayTagTree: ImportINI prefixes -  0.000 s
[2018.09.04-12.35.23:829][  0]LogStats: UGameplayTagsManager::ConstructGameplayTagTree: Construct from data asset -  0.000 s
[2018.09.04-12.35.23:829][  0]LogStats: UGameplayTagsManager::ConstructGameplayTagTree: ImportINI -  0.000 s
[2018.09.04-12.35.23:829][  0]LogStats: UGameplayTagsManager::ConstructGameplayTagTree: GameplayTagTreeChangedEvent.Broadcast -  0.000 s
[2018.09.04-12.35.24:030][  0]LogInit: Initializing FReadOnlyCVARCache
[2018.09.04-12.35.24:039][  0]LogAIModule: Creating AISystem for world Untitled
[2018.09.04-12.35.24:108][  0]LogInit: XAudio2 using 'Speakers (Realtek High Definition Audio)' : 2 channels at 48 kHz using 32 bits per sample (channel mask 0x3)
[2018.09.04-12.35.24:127][  0]LogInit: FAudioDevice initialized.
[2018.09.04-12.35.24:127][  0]LogNetVersion: Set ProjectVersion to 1.0.0.0. Version Checksum will be recalculated on next use.
[2018.09.04-12.35.24:379][  0]LogDerivedDataCache: Saved boot cache 0.25s 87MB C:/Users/8801492/AppData/Local/UnrealEngine/4.20/DerivedDataCache/Boot.ddc.
[2018.09.04-12.35.24:394][  0]LogInit: Texture streaming: Enabled
[2018.09.04-12.35.24:408][  0]LogEngineSessionManager: EngineSessionManager initialized
[2018.09.04-12.35.24:416][  0]LogInit: Transaction tracking system initialized
[2018.09.04-12.35.24:431][  0]BlueprintLog: New page: Editor Load
[2018.09.04-12.35.24:479][  0]LocalizationService: Localization service is disabled
[2018.09.04-12.35.24:855][  0]LogCook: Display: Max memory allowance for cook 16384mb min free memory 0mb
[2018.09.04-12.35.24:855][  0]LogCook: Display: Mobile HDR setting 1
[2018.09.04-12.35.24:855][  0]LogGameplayTags: Display: UGameplayTagsManager::DoneAddingNativeTags. DelegateIsBound: 0
[2018.09.04-12.35.24:855][  0]LogStats: UGameplayTagsManager::ConstructGameplayTagTree: ImportINI prefixes -  0.000 s
[2018.09.04-12.35.24:855][  0]LogStats: UGameplayTagsManager::ConstructGameplayTagTree: Construct from data asset -  0.000 s
[2018.09.04-12.35.24:855][  0]LogStats: UGameplayTagsManager::ConstructGameplayTagTree: ImportINI -  0.000 s
[2018.09.04-12.35.24:855][  0]LogStats: UGameplayTagsManager::ConstructGameplayTagTree: GameplayTagTreeChangedEvent.Broadcast -  0.000 s
[2018.09.04-12.35.24:988][  0]LogFileCache: Scanning file cache for directory 'C:/Users/8801492/Documents/Unreal Projects/MyProject/Content/' took 0.02s
[2018.09.04-12.35.25:968][  0]SourceControl: Source control is disabled
[2018.09.04-12.35.26:068][  0]LogSlate: Took 0.000322 seconds to synchronously load lazily loaded font '../../../Engine/Content/Slate/Fonts/Roboto-Regular.ttf' (155K)
[2018.09.04-12.35.32:480][  0]LogSlate: Window 'Restore Packages' being destroyed
[2018.09.04-12.35.33:927][  0]LogSlate: Window 'Unable to Check Out From Source Control!' being destroyed
[2018.09.04-12.35.34:025][  0]Cmd: MAP LOAD FILE="../../../../../../Users/8801492/Documents/Unreal Projects/MyProject/Content/VirtualRealityBP/Maps/StartupMap.umap" TEMPLATE=0 SHOWPROGRESS=1 FEATURELEVEL=3
[2018.09.04-12.35.34:038][  0]LightingResults: New page: Lighting Build
[2018.09.04-12.35.34:044][  0]MapCheck: New page: Map Check
[2018.09.04-12.35.34:044][  0]LightingResults: New page: Lighting Build
[2018.09.04-12.35.34:238][  0]LogAIModule: Creating AISystem for world StartupMap
[2018.09.04-12.35.34:248][  0]LogEditorServer: Finished looking for orphan Actors (0.000 secs)
[2018.09.04-12.35.34:269][  0]Cmd: MAP CHECKDEP NOCLEARLOG
[2018.09.04-12.35.34:322][  0]MapCheck: Map check complete: 0 Error(s), 0 Warning(s), took 53.155ms to complete.
[2018.09.04-12.35.34:322][  0]LogFileHelpers: Loading map 'StartupMap' took 0.298
[2018.09.04-12.35.34:365][  0]LogSlate: Updating window title bar state: overlay mode, drag disabled, window buttons hidden, title bar hidden
[2018.09.04-12.35.34:372][  0]LogSlate: Updating window title bar state: overlay mode, drag disabled, window buttons hidden, title bar hidden
[2018.09.04-12.35.34:379][  0]LogSlate: Updating window title bar state: overlay mode, drag disabled, window buttons hidden, title bar hidden
[2018.09.04-12.35.34:386][  0]LogSlate: Updating window title bar state: overlay mode, drag disabled, window buttons hidden, title bar hidden
[2018.09.04-12.35.34:393][  0]LogCollectionManager: Loaded 0 collections in 0.000982 seconds
[2018.09.04-12.35.34:432][  0]LogFileCache: Scanning file cache for directory 'C:/Users/8801492/Documents/Unreal Projects/MyProject/Saved/Collections/' took 0.01s
[2018.09.04-12.35.34:432][  0]LogFileCache: Scanning file cache for directory 'C:/Users/8801492/Documents/Unreal Projects/MyProject/Content/Developers/8801492/Collections/' took 0.01s
[2018.09.04-12.35.34:432][  0]LogFileCache: Scanning file cache for directory 'C:/Users/8801492/Documents/Unreal Projects/MyProject/Content/Collections/' took 0.01s
[2018.09.04-12.35.34:432][  0]LogCollectionManager: Rebuilt the GUID cache for 0 collections in 0.000000 seconds
[2018.09.04-12.35.34:441][  0]LogContentBrowser: Native class hierarchy populated in 0.0094 seconds. Added 2621 classes and 629 folders.
[2018.09.04-12.35.34:446][  0]LogContentBrowser: Native class hierarchy updated for 'WidgetCarousel' in 0.0002 seconds. Added 0 classes and 0 folders.
[2018.09.04-12.35.34:692][  0]LogContentBrowser: Native class hierarchy updated for 'AddContentDialog' in 0.0002 seconds. Added 0 classes and 0 folders.
[2018.09.04-12.35.34:705][  0]LogContentBrowser: Native class hierarchy updated for 'SceneOutliner' in 0.0003 seconds. Added 1 classes and 2 folders.
[2018.09.04-12.35.34:717][  0]LogSlate: Took 0.000140 seconds to synchronously load lazily loaded font '../../../Engine/Content/Slate/Fonts/Roboto-Bold.ttf' (160K)
[2018.09.04-12.35.34:726][  0]LogSlate: Took 0.004468 seconds to synchronously load lazily loaded font '../../../Engine/Content/Editor/Slate/Fonts/FontAwesome.ttf' (139K)
[2018.09.04-12.35.34:815][  0]LogRenderer: Reallocating scene render targets to support 1208x576 Format 26 NumSamples 1 (Frame:1).
[2018.09.04-12.35.35:282][  0]LogContentBrowser: Native class hierarchy updated for 'HierarchicalLODOutliner' in 0.0002 seconds. Added 0 classes and 0 folders.
[2018.09.04-12.35.35:282][  0]LogLoad: (Engine Initialization) Total time: 27.42 seconds
[2018.09.04-12.35.35:282][  0]LogLoad: (Engine Initialization) Total Blueprint compile time: 0.00 seconds
[2018.09.04-12.35.35:312][  0]LogContentStreaming: Texture pool size now 3000 MB
[2018.09.04-12.35.35:336][  0]LogSlate: Took 0.003821 seconds to synchronously load lazily loaded font '../../../Engine/Content/Slate/Fonts/Roboto-Light.ttf' (167K)
[2018.09.04-12.35.35:356][  1]LogAssetRegistry: Asset discovery search completed in 15.8971 seconds
[2018.09.04-12.35.35:358][  1]LogCollectionManager: Rebuilt the object cache for 0 collections in 0.000000 seconds (found 0 objects)
[2018.09.04-12.35.35:358][  1]LogCollectionManager: Fixed up redirectors for 0 collections in 0.000031 seconds (updated 0 objects)
[2018.09.04-12.35.37:917][ 58]LogSlate: FSceneViewport::OnFocusLost() reason 0
[2018.09.04-12.35.38:877][105]LogSlate: Took 0.000159 seconds to synchronously load lazily loaded font '../../../Engine/Content/Slate/Fonts/Roboto-Light.ttf' (167K)
[2018.09.04-12.35.39:149][105]LogAIModule: Creating AISystem for world Aqua
[2018.09.04-12.35.39:160][105]LogAssetEditorManager: Opening Asset editor for World /Game/Aqua.Aqua
[2018.09.04-12.35.39:182][105]Cmd: MAP LOAD FILE="../../../../../../Users/8801492/Documents/Unreal Projects/MyProject/Content/Aqua.umap" TEMPLATE=0 SHOWPROGRESS=1 FEATURELEVEL=3
[2018.09.04-12.35.39:182][105]LightingResults: New page: Lighting Build
[2018.09.04-12.35.39:182][105]LoadErrors: New page: Loading map: Aqua.umap
[2018.09.04-12.35.39:183][105]MapCheck: New page: Map Check
[2018.09.04-12.35.39:183][105]LightingResults: New page: Lighting Build
[2018.09.04-12.35.39:207][105]LogEditorServer: Finished looking for orphan Actors (0.000 secs)
[2018.09.04-12.35.39:386][105]Cmd: MAP CHECKDEP NOCLEARLOG
[2018.09.04-12.35.39:457][105]MapCheck: Map check complete: 0 Error(s), 0 Warning(s), took 70.171ms to complete.
[2018.09.04-12.35.39:457][105]LogFileHelpers: Loading map 'Aqua' took 0.276
[2018.09.04-12.35.43:915][248]LogEditorViewport: Clicking on Actor (context menu): StaticMeshActor (Plane)
[2018.09.04-12.35.44:045][248]LogSlate: FSceneViewport::OnFocusLost() reason 2
[2018.09.04-12.35.50:697][433]LogEditorViewport: Clicking on Actor (LMB): StaticMeshActor (Cylinder)
[2018.09.04-12.35.52:342][482]Cmd: EDIT COPY
[2018.09.04-12.35.54:449][548]LogEditorViewport: Clicking on Actor (context menu): StaticMeshActor (Cylinder)
[2018.09.04-12.35.54:533][548]LogSlate: FSceneViewport::OnFocusLost() reason 2
[2018.09.04-12.36.36:111][163]LogEditorViewport: Clicking on Actor (context menu): StaticMeshActor (Cylinder)
[2018.09.04-12.36.36:226][163]LogSlate: FSceneViewport::OnFocusLost() reason 2
[2018.09.04-12.36.41:906][575]LogEditorViewport: Clicking on Actor (LMB): StaticMeshActor (Plane)
[2018.09.04-12.36.43:085][608]LogEditorViewport: Clicking on Actor (context menu): StaticMeshActor (Plane)
[2018.09.04-12.36.43:180][608]LogSlate: FSceneViewport::OnFocusLost() reason 2
[2018.09.04-12.37.31:941][ 19]LogBlueprintUserMessages: Early PlayInEditor Detection: Level '/Game/Aqua.Aqua:PersistentLevel' has LevelScriptBlueprint '/Game/Aqua.Aqua:PersistentLevel.Aqua' with GeneratedClass '/Game/Aqua.Aqua_C' with ClassGeneratedBy '/Game/Aqua.Aqua:PersistentLevel.Aqua'
[2018.09.04-12.37.31:941][ 19]LogPlayLevel: PlayLevel: No blueprints needed recompiling
[2018.09.04-12.37.31:953][ 19]PIE: New page: PIE session: Aqua (Sep 4, 2018, 2:37:31 AM)
[2018.09.04-12.37.31:953][ 19]LogPlayLevel: Creating play world package: /Game/UEDPIE_0_Aqua
[2018.09.04-12.37.31:958][ 19]LogPlayLevel: PIE: StaticDuplicateObject took: (0.004527s)
[2018.09.04-12.37.31:958][ 19]LogAIModule: Creating AISystem for world Aqua
[2018.09.04-12.37.31:958][ 19]LogPlayLevel: PIE: World Init took: (0.000697s)
[2018.09.04-12.37.31:959][ 19]LogPlayLevel: PIE: Created PIE world by copying editor world from /Game/Aqua.Aqua to /Game/UEDPIE_0_Aqua.Aqua (0.005350s)
[2018.09.04-12.37.31:999][ 19]LogInit: XAudio2 using 'Speakers (Realtek High Definition Audio)' : 2 channels at 48 kHz using 32 bits per sample (channel mask 0x3)
[2018.09.04-12.37.32:008][ 19]LogInit: FAudioDevice initialized.
[2018.09.04-12.37.32:008][ 19]LogSlate: FSceneViewport::OnFocusLost() reason 2
[2018.09.04-12.37.32:050][ 19]LogUObjectGlobals: Warning: Failed to find object 'Class None.'
[2018.09.04-12.37.32:050][ 19]LogLoad: Game class is 'GameModeBase'
[2018.09.04-12.37.32:056][ 19]LogWorld: Bringing World /Game/UEDPIE_0_Aqua.Aqua up for play (max tick rate 0) at 2018.09.04-07.37.32
[2018.09.04-12.37.32:057][ 19]LogWorld: Bringing up level for play took: 0.002172
[2018.09.04-12.37.32:077][ 19]LogContentBrowser: Native class hierarchy updated for 'MovieSceneCapture' in 0.0005 seconds. Added 10 classes and 0 folders.
[2018.09.04-12.37.32:079][ 19]PIE: Warning: Mobility of /Game/UEDPIE_0_Aqua.Aqua:PersistentLevel.Cylinder_10 : StaticMeshComponent0 has to be 'Movable' if you'd like to move. 
[2018.09.04-12.37.32:079][ 19]PIE: Play in editor start time for /Game/UEDPIE_0_Aqua 0.459
[2018.09.04-12.37.32:079][ 19]LogBlueprintUserMessages: Late PlayInEditor Detection: Level '/Game/Aqua.Aqua:PersistentLevel' has LevelScriptBlueprint '/Game/Aqua.Aqua:PersistentLevel.Aqua' with GeneratedClass '/Game/Aqua.Aqua_C' with ClassGeneratedBy '/Game/Aqua.Aqua:PersistentLevel.Aqua'
[2018.09.04-12.37.47:032][711]LogBlueprintUserMessages: Early EndPlayMap Detection: Level '/Game/Aqua.Aqua:PersistentLevel' has LevelScriptBlueprint '/Game/Aqua.Aqua:PersistentLevel.Aqua' with GeneratedClass '/Game/Aqua.Aqua_C' with ClassGeneratedBy '/Game/Aqua.Aqua:PersistentLevel.Aqua'
[2018.09.04-12.37.47:032][711]LogSlate: Updating window title bar state: overlay mode, drag disabled, window buttons hidden, title bar hidden
[2018.09.04-12.37.47:082][711]LogPlayLevel: Display: Shutting down PIE online subsystems
[2018.09.04-12.37.47:082][711]LogBlueprintUserMessages: Late EndPlayMap Detection: Level '/Game/Aqua.Aqua:PersistentLevel' has LevelScriptBlueprint '/Game/Aqua.Aqua:PersistentLevel.Aqua' with GeneratedClass '/Game/Aqua.Aqua_C' with ClassGeneratedBy '/Game/Aqua.Aqua:PersistentLevel.Aqua'
[2018.09.04-12.37.47:102][711]LogSlate: Updating window title bar state: overlay mode, drag disabled, window buttons hidden, title bar hidden
[2018.09.04-12.37.47:137][712]LogPlayLevel: Display: Destroying online subsystem :Context_3
[2018.09.04-12.37.48:584][759]LogEditorViewport: Clicking on Actor (LMB): StaticMeshActor (Cylinder)
[2018.09.04-12.37.50:333][811]LogEditorViewport: Clicking on Actor (context menu): StaticMeshActor (Cylinder)
[2018.09.04-12.37.50:419][811]LogSlate: FSceneViewport::OnFocusLost() reason 2
[2018.09.04-12.38.00:908][123]LogEditorViewport: Clicking on Actor (LMB): StaticMeshActor (Plane)
[2018.09.04-12.38.01:525][138]LogEditorViewport: Clicking on Actor (LMB): StaticMeshActor (Cylinder)
[2018.09.04-12.38.03:041][183]Cmd: EDIT COPY
[2018.09.04-12.38.03:946][212]Cmd: EDIT PASTE
[2018.09.04-12.38.34:397][157]LogEditorViewport: Clicking on Actor (LMB): StaticMeshActor (Cylinder)
[2018.09.04-12.38.40:552][340]LogSlate: FSceneViewport::OnFocusLost() reason 0
[2018.09.04-12.38.52:382][719]LogEditorViewport: Clicking on Actor (LMB): StaticMeshActor (Cylinder2)
[2018.09.04-12.45.53:997][ 98]LogSlate: FSceneViewport::OnFocusLost() reason 2
[2018.09.04-12.45.54:069][ 98]Cmd: OBJ SAVEPACKAGE PACKAGE="/Game/Aqua" FILE="../../../../../../Users/8801492/Documents/Unreal Projects/MyProject/Saved/Autosaves/Game/Aqua_Auto1.umap" SILENT=true AUTOSAVING=true KEEPDIRTY=false
[2018.09.04-12.45.54:170][ 98]LogSavePackage: Moving '../../../../../../Users/8801492/Documents/Unreal Projects/MyProject/Saved/Aqua_Auto10968B60A4D2ACAAE813CCEA2E00501D4.tmp' to '../../../../../../Users/8801492/Documents/Unreal Projects/MyProject/Saved/Autosaves/Game/Aqua_Auto1.umap'
[2018.09.04-12.45.54:173][ 98]LogFileHelpers: Editor autosave (incl. sublevels) for '/Game/Aqua' took 0.124
[2018.09.04-12.45.54:173][ 98]LogFileHelpers: Editor autosave (incl. sublevels) for all levels took 0.124
[2018.09.04-12.47.59:439][ 79]LogSlate: FSceneViewport::OnFocusLost() reason 2
[2018.09.04-12.48.03:283][195]LogSlate: FSceneViewport::OnFocusLost() reason 2
[2018.09.04-12.48.03:415][195]Cmd: OBJ SAVEPACKAGE PACKAGE="/Game/Aqua" FILE="../../../../../../Users/8801492/Documents/Unreal Projects/MyProject/Content/Aqua.umap" SILENT=true AUTOSAVING=false KEEPDIRTY=false
[2018.09.04-12.48.03:536][195]LogSavePackage: Moving '../../../../../../Users/8801492/Documents/Unreal Projects/MyProject/Saved/Aqua656DCFDA4E3E46AA3F5937AF7E096EA4.tmp' to '../../../../../../Users/8801492/Documents/Unreal Projects/MyProject/Content/Aqua.umap'
[2018.09.04-12.48.03:560][195]LogFileHelpers: Saving map 'Aqua' took 0.235
[2018.09.04-12.48.06:271][283]LogSlate: FSceneViewport::OnFocusLost() reason 0
[2018.09.04-12.48.06:461][286]LogSlate: Window 'MyProject - Unreal Editor' being destroyed
[2018.09.04-12.48.06:696][287]Cmd: QUIT_EDITOR
[2018.09.04-12.48.06:768][287]LogExit: Preparing to exit.
[2018.09.04-12.48.07:191][287]LogExit: Editor shut down
[2018.09.04-12.48.07:192][287]LogExit: Transaction tracking system shut down
[2018.09.04-12.48.07:987][287]LogExit: Object subsystem successfully closed.
[2018.09.04-12.48.07:998][287]LogShaderCompilers: Display: Shaders left to compile 0
[2018.09.04-12.48.08:002][287]LogD3D11RHI: Shutdown
[2018.09.04-12.48.08:003][287]LogD3D11RHI: CleanupD3DDevice
[2018.09.04-12.48.08:027][287]LogD3D11RHI: ~FD3D11DynamicRHI
[2018.09.04-12.48.08:051][287]LogModuleManager: Shutting down and abandoning module MovieSceneCapture (632)
[2018.09.04-12.48.08:051][287]LogModuleManager: Shutting down and abandoning module Voice (630)
[2018.09.04-12.48.08:069][287]LogModuleManager: Shutting down and abandoning module HierarchicalLODOutliner (628)
[2018.09.04-12.48.08:069][287]LogModuleManager: Shutting down and abandoning module SceneOutliner (626)
[2018.09.04-12.48.08:069][287]LogModuleManager: Shutting down and abandoning module AddContentDialog (624)
[2018.09.04-12.48.08:070][287]LogModuleManager: Shutting down and abandoning module WidgetCarousel (623)
[2018.09.04-12.48.08:070][287]LogModuleManager: Shutting down and abandoning module EditorWidgets (620)
[2018.09.04-12.48.08:070][287]LogModuleManager: Shutting down and abandoning module CollectionManager (618)
[2018.09.04-12.48.08:070][287]LogModuleManager: Shutting down and abandoning module StatsViewer (616)
[2018.09.04-12.48.08:070][287]LogModuleManager: Shutting down and abandoning module FoliageEdit (614)
[2018.09.04-12.48.08:070][287]LogModuleManager: Shutting down and abandoning module LandscapeEditor (612)
[2018.09.04-12.48.08:070][287]LogModuleManager: Shutting down and abandoning module MeshPaintMode (610)
[2018.09.04-12.48.08:070][287]LogModuleManager: Shutting down and abandoning module SceneDepthPickerMode (608)
[2018.09.04-12.48.08:070][287]LogModuleManager: Shutting down and abandoning module ActorPickerMode (606)
[2018.09.04-12.48.08:070][287]LogModuleManager: Shutting down and abandoning module GeometryMode (604)
[2018.09.04-12.48.08:070][287]LogModuleManager: Shutting down and abandoning module TextureAlignMode (602)
[2018.09.04-12.48.08:070][287]LogModuleManager: Shutting down and abandoning module BspMode (600)
[2018.09.04-12.48.08:070][287]LogModuleManager: Shutting down and abandoning module PIEPreviewDeviceProfileSelector (598)
[2018.09.04-12.48.08:070][287]LogModuleManager: Shutting down and abandoning module SequenceRecorderSections (596)
[2018.09.04-12.48.08:070][287]LogModuleManager: Shutting down and abandoning module AutomationWorker (594)
[2018.09.04-12.48.08:071][287]LogModuleManager: Shutting down and abandoning module DatasmithFBXImporter (592)
[2018.09.04-12.48.08:071][287]LogModuleManager: Shutting down and abandoning module DatasmithDeltaGenImporter (590)
[2018.09.04-12.48.08:071][287]LogModuleManager: Shutting down and abandoning module DatasmithVREDImporter (588)
[2018.09.04-12.48.08:072][287]LogModuleManager: Shutting down and abandoning module AudioCaptureEditor (586)
[2018.09.04-12.48.08:072][287]LogModuleManager: Shutting down and abandoning module SequenceRecorder (585)
[2018.09.04-12.48.08:072][287]LogModuleManager: Shutting down and abandoning module MatineeToLevelSequence (582)
[2018.09.04-12.48.08:072][287]LogModuleManager: Shutting down and abandoning module LevelSequenceEditor (580)
[2018.09.04-12.48.08:072][287]LogModuleManager: Shutting down and abandoning module PlacementMode (579)
[2018.09.04-12.48.08:072][287]LogModuleManager: Shutting down and abandoning module MaterialEditor (578)
[2018.09.04-12.48.08:072][287]LogModuleManager: Shutting down and abandoning module WmfMediaFactory (574)
[2018.09.04-12.48.08:072][287]LogModuleManager: Shutting down and abandoning module WmfMediaEditor (572)
[2018.09.04-12.48.08:072][287]LogModuleManager: Shutting down and abandoning module MediaPlayerEditor (570)
[2018.09.04-12.48.08:072][287]LogModuleManager: Shutting down and abandoning module OpenExrWrapper (568)
[2018.09.04-12.48.08:072][287]LogModuleManager: Shutting down and abandoning module ImgMediaFactory (566)
[2018.09.04-12.48.08:072][287]LogModuleManager: Shutting down and abandoning module ImgMediaEditor (564)
[2018.09.04-12.48.08:072][287]LogModuleManager: Shutting down and abandoning module AvfMediaFactory (562)
[2018.09.04-12.48.08:072][287]LogModuleManager: Shutting down and abandoning module AvfMediaEditor (560)
[2018.09.04-12.48.08:072][287]LogModuleManager: Shutting down and abandoning module AndroidMediaFactory (558)
[2018.09.04-12.48.08:072][287]LogModuleManager: Shutting down and abandoning module AndroidMediaEditor (556)
[2018.09.04-12.48.08:072][287]LogModuleManager: Shutting down and abandoning module MagicLeapCameraPreviewFactory (554)
[2018.09.04-12.48.08:072][287]LogModuleManager: Shutting down and abandoning module MagicLeapMediaFactory (552)
[2018.09.04-12.48.08:072][287]LogModuleManager: Shutting down and abandoning module MagicLeapMediaEditor (550)
[2018.09.04-12.48.08:072][287]LogModuleManager: Shutting down and abandoning module CharacterAI (548)
[2018.09.04-12.48.08:072][287]LogModuleManager: Shutting down and abandoning module SmartSnapping (546)
[2018.09.04-12.48.08:072][287]LogModuleManager: Shutting down and abandoning module SessionServices (544)
[2018.09.04-12.48.08:072][287]LogModuleManager: Shutting down and abandoning module ViewportSnapping (542)
[2018.09.04-12.48.08:072][287]LogModuleManager: Shutting down and abandoning module ViewportInteraction (540)
[2018.09.04-12.48.08:072][287]LogModuleManager: Shutting down and abandoning module ClothPainter (538)
[2018.09.04-12.48.08:072][287]LogModuleManager: Shutting down and abandoning module SkeletalMeshEditor (537)
[2018.09.04-12.48.08:072][287]LogModuleManager: Shutting down and abandoning module LogVisualizer (534)
[2018.09.04-12.48.08:072][287]LogModuleManager: Shutting down and abandoning module IntroTutorials (532)
[2018.09.04-12.48.08:072][287]LogModuleManager: Shutting down and abandoning module GameProjectGeneration (531)
[2018.09.04-12.48.08:073][287]LogModuleManager: Shutting down and abandoning module LuminPlatformEditor (528)
[2018.09.04-12.48.08:073][287]LogModuleManager: Shutting down and abandoning module IOSPlatformEditor (526)
[2018.09.04-12.48.08:073][287]LogModuleManager: Shutting down and abandoning module HTML5PlatformEditor (524)
[2018.09.04-12.48.08:073][287]LogModuleManager: Shutting down and abandoning module AndroidPlatformEditor (522)
[2018.09.04-12.48.08:073][287]LogModuleManager: Shutting down and abandoning module AndroidDeviceDetection (521)
[2018.09.04-12.48.08:517][287]LogModuleManager: Shutting down and abandoning module WindowsPlatformEditor (518)
[2018.09.04-12.48.08:517][287]LogModuleManager: Shutting down and abandoning module LuminRuntimeSettings (516)
[2018.09.04-12.48.08:517][287]LogModuleManager: Shutting down and abandoning module IOSRuntimeSettings (514)
[2018.09.04-12.48.08:517][287]LogModuleManager: Shutting down and abandoning module AndroidRuntimeSettings (512)
[2018.09.04-12.48.08:517][287]LogModuleManager: Shutting down and abandoning module InputBindingEditor (510)
[2018.09.04-12.48.08:517][287]LogModuleManager: Shutting down and abandoning module MergeActors (508)
[2018.09.04-12.48.08:518][287]LogModuleManager: Shutting down and abandoning module LocalizationDashboard (506)
[2018.09.04-12.48.08:518][287]LogModuleManager: Shutting down and abandoning module LocalizationService (505)
[2018.09.04-12.48.08:518][287]LogModuleManager: Shutting down and abandoning module HardwareTargeting (502)
[2018.09.04-12.48.08:518][287]LogModuleManager: Shutting down and abandoning module DeviceProfileEditor (500)
[2018.09.04-12.48.08:518][287]LogModuleManager: Shutting down and abandoning module UndoHistory (498)
[2018.09.04-12.48.08:518][287]LogModuleManager: Shutting down and abandoning module XmlParser (496)
[2018.09.04-12.48.08:518][287]LogModuleManager: Shutting down and abandoning module Blutility (494)
[2018.09.04-12.48.08:518][287]LogModuleManager: Shutting down and abandoning module ProjectSettingsViewer (492)
[2018.09.04-12.48.08:518][287]LogModuleManager: Shutting down and abandoning module ProjectTargetPlatformEditor (491)
[2018.09.04-12.48.08:519][287]LogModuleManager: Shutting down and abandoning module EditorSettingsViewer (488)
[2018.09.04-12.48.08:519][287]LogModuleManager: Shutting down and abandoning module SettingsEditor (486)
[2018.09.04-12.48.08:519][287]LogModuleManager: Shutting down and abandoning module ProjectLauncher (484)
[2018.09.04-12.48.08:519][287]LogModuleManager: Shutting down and abandoning module SessionFrontend (482)
[2018.09.04-12.48.08:519][287]LogModuleManager: Shutting down and abandoning module ProfilerClient (480)
[2018.09.04-12.48.08:519][287]LogModuleManager: Shutting down and abandoning module DeviceManager (478)
[2018.09.04-12.48.08:519][287]LogModuleManager: Shutting down and abandoning module TargetDeviceServices (477)
[2018.09.04-12.48.08:570][287]LogModuleManager: Shutting down and abandoning module AutomationController (474)
[2018.09.04-12.48.08:570][287]LogModuleManager: Shutting down and abandoning module AutomationWindow (472)
[2018.09.04-12.48.08:570][287]LogModuleManager: Shutting down and abandoning module Layers (470)
[2018.09.04-12.48.08:570][287]LogModuleManager: Shutting down and abandoning module ComponentVisualizers (468)
[2018.09.04-12.48.08:570][287]LogModuleManager: Shutting down and abandoning module DetailCustomizations (466)
[2018.09.04-12.48.08:570][287]LogModuleManager: Shutting down and abandoning module PackagesDialog (464)
[2018.09.04-12.48.08:570][287]LogModuleManager: Shutting down and abandoning module Persona (462)
[2018.09.04-12.48.08:570][287]LogModuleManager: Shutting down and abandoning module AnimGraph (461)
[2018.09.04-12.48.08:570][287]LogModuleManager: Shutting down and abandoning module Kismet (458)
[2018.09.04-12.48.08:571][287]LogModuleManager: Shutting down and abandoning module GraphEditor (456)
[2018.09.04-12.48.08:571][287]LogModuleManager: Shutting down and abandoning module ClassViewer (454)
[2018.09.04-12.48.08:571][287]LogModuleManager: Shutting down and abandoning module Toolbox (452)
[2018.09.04-12.48.08:571][287]LogModuleManager: Shutting down and abandoning module ModuleUI (450)
[2018.09.04-12.48.08:571][287]LogModuleManager: Shutting down and abandoning module MovieSceneTools (448)
[2018.09.04-12.48.08:571][287]LogModuleManager: Shutting down and abandoning module OutputLog (446)
[2018.09.04-12.48.08:571][287]LogModuleManager: Shutting down and abandoning module GammaUI (444)
[2018.09.04-12.48.08:571][287]LogModuleM