Log file open, 09/11/18 07:43:30
LogWindows: Failed to load 'aqProf.dll' (GetLastError=126)
LogWindows: File 'aqProf.dll' does not exist
LogWindows: Failed to load 'VSPerf140.dll' (GetLastError=126)
LogWindows: File 'VSPerf140.dll' does not exist
LogWindows: Failed to load 'VtuneApi.dll' (GetLastError=126)
LogWindows: File 'VtuneApi.dll' does not exist
LogWindows: Failed to load 'VtuneApi32e.dll' (GetLastError=126)
LogWindows: File 'VtuneApi32e.dll' does not exist
LogInit: Display: Running engine for game: MyProject
LogPlatformFile: Not using cached read wrapper
LogTaskGraph: Started task graph with 5 named threads and 23 total threads with 3 sets of task threads.
LogStats: Stats thread started at 0.247872
LogD3D11RHI: Loaded GFSDK_Aftermath_Lib.x64.dll
LogICUInternationalization: Display: ICU TimeZone Detection - Raw Offset: -6:00, Platform Override: ''
LogPluginManager: Mounting plugin Paper2D
LogPluginManager: Mounting plugin AISupport
LogPluginManager: Mounting plugin LightPropagationVolume
LogPluginManager: Mounting plugin CLionSourceCodeAccess
LogPluginManager: Mounting plugin CodeLiteSourceCodeAccess
LogPluginManager: Mounting plugin GitSourceControl
LogPluginManager: Mounting plugin KDevelopSourceCodeAccess
LogPluginManager: Mounting plugin NullSourceCodeAccess
LogPluginManager: Mounting plugin PerforceSourceControl
LogPluginManager: Mounting plugin SubversionSourceControl
LogPluginManager: Mounting plugin UObjectPlugin
LogPluginManager: Mounting plugin VisualStudioCodeSourceCodeAccess
LogPluginManager: Mounting plugin VisualStudioSourceCodeAccess
LogPluginManager: Mounting plugin XCodeSourceCodeAccess
LogPluginManager: Mounting plugin AssetManagerEditor
LogPluginManager: Mounting plugin CryptoKeys
LogPluginManager: Mounting plugin DataValidation
LogPluginManager: Mounting plugin EditorScriptingUtilities
LogPluginManager: Mounting plugin FacialAnimation
LogPluginManager: Mounting plugin GameplayTagsEditor
LogPluginManager: Mounting plugin MacGraphicsSwitching
LogPluginManager: Mounting plugin MeshEditor
LogPluginManager: Mounting plugin MobileLauncherProfileWizard
LogPluginManager: Mounting plugin PluginBrowser
LogPluginManager: Mounting plugin SpeedTreeImporter
LogPluginManager: Mounting plugin DatasmithContent
LogPluginManager: Mounting plugin AlembicImporter
LogPluginManager: Mounting plugin AppleImageUtils
LogPluginManager: Mounting plugin AppleVision
LogPluginManager: Mounting plugin BackChannel
LogPluginManager: Mounting plugin CharacterAI
LogPluginManager: Mounting plugin GeometryCache
LogPluginManager: Mounting plugin HTML5Networking
LogPluginManager: Mounting plugin ProxyLODPlugin
LogPluginManager: Mounting plugin MagicLeap
LogPluginManager: Mounting plugin MagicLeapEmulator
LogPluginManager: Mounting plugin MagicLeapMedia
LogPluginManager: Mounting plugin AndroidMedia
LogPluginManager: Mounting plugin AvfMedia
LogPluginManager: Mounting plugin ImgMedia
LogPluginManager: Mounting plugin LinearTimecode
LogPluginManager: Mounting plugin MediaCompositing
LogPluginManager: Mounting plugin MediaPlayerEditor
LogPluginManager: Mounting plugin WmfMedia
LogPluginManager: Mounting plugin TcpMessaging
LogPluginManager: Mounting plugin UdpMessaging
LogPluginManager: Mounting plugin ActorSequence
LogPluginManager: Mounting plugin LevelSequenceEditor
LogPluginManager: Mounting plugin MatineeToLevelSequence
LogPluginManager: Mounting plugin NetcodeUnitTest
LogPluginManager: Mounting plugin NUTUnrealEngine4
LogPluginManager: Mounting plugin OnlineSubsystemGooglePlay
LogPluginManager: Mounting plugin OnlineSubsystemIOS
LogPluginManager: Mounting plugin OnlineSubsystem
LogPluginManager: Mounting plugin OnlineSubsystemNull
LogPluginManager: Mounting plugin OnlineSubsystemUtils
LogPluginManager: Mounting plugin LauncherChunkInstaller
LogPluginManager: Mounting plugin AndroidDeviceProfileSelector
LogPluginManager: Mounting plugin AndroidMoviePlayer
LogPluginManager: Mounting plugin AndroidPermission
LogPluginManager: Mounting plugin AppleMoviePlayer
LogPluginManager: Mounting plugin ArchVisCharacter
LogPluginManager: Mounting plugin AudioCapture
LogPluginManager: Mounting plugin CableComponent
LogPluginManager: Mounting plugin CustomMeshComponent
LogPluginManager: Mounting plugin EditableMesh
LogPluginManager: Mounting plugin ExampleDeviceProfileSelector
LogPluginManager: Mounting plugin GoogleCloudMessaging
LogPluginManager: Mounting plugin ImmediatePhysics
LogPluginManager: Mounting plugin IOSDeviceProfileSelector
LogPluginManager: Mounting plugin LinuxDeviceProfileSelector
LogPluginManager: Mounting plugin LocationServicesBPLibrary
LogPluginManager: Mounting plugin MobilePatchingUtils
LogPluginManager: Mounting plugin OculusVR
LogPluginManager: Plugin shader directory ../../../Engine/Plugins/Runtime/Oculus/OculusVR/Shaders found
LogPluginManager: Mapping shader source directory ../../../Engine/Plugins/Runtime/Oculus/OculusVR/Shaders to virtual directory /Plugin/OculusVR
LogPluginManager: Mounting plugin PhysXVehicles
LogPluginManager: Mounting plugin ProceduralMeshComponent
LogPluginManager: Mounting plugin RuntimePhysXCooking
LogPluginManager: Mounting plugin SteamVR
LogPluginManager: Mounting plugin WindowsMoviePlayer
LogPluginManager: Mounting plugin DatasmithCADImporter
LogPluginManager: Mounting plugin DatasmithFBXImporter
LogPluginManager: Mounting plugin DatasmithImporter
LogPluginManager: Mounting plugin DatasmithMDLImporter
LogPluginManager: Mounting plugin StaticMeshEditorExtension
LogStreaming: Display: Took  0.091s to configure plugins.
LogInit: Using libcurl 7.55.1-DEV
LogInit:  - built for x86_64-pc-win32
LogInit:  - supports SSL with OpenSSL/1.0.2h
LogInit:  - supports HTTP deflate (compression) using libz 1.2.8
LogInit:  - other features:
LogInit:      CURL_VERSION_SSL
LogInit:      CURL_VERSION_LIBZ
LogInit:      CURL_VERSION_IPV6
LogInit:      CURL_VERSION_ASYNCHDNS
LogInit:      CURL_VERSION_LARGEFILE
LogInit:      CURL_VERSION_IDN
LogInit:  CurlRequestOptions (configurable via config and command line):
LogInit:  - bVerifyPeer = false  - Libcurl will NOT verify peer certificate
LogInit:  - bUseHttpProxy = false  - Libcurl will NOT use HTTP proxy
LogInit:  - bDontReuseConnections = false  - Libcurl will reuse connections
LogInit:  - CertBundlePath = nullptr  - Libcurl will use whatever was configured at build time.
LogInit:  - MaxHostConnections = 16  - Libcurl will limit the number of connections to a host
LogInit:  - LocalHostAddr = Default
LogInit:  - BufferSize = 65536
LogInit: WinSock: version 1.1 (2.2), MaxSocks=32767, MaxUdp=65467
LogInit: Build: ++UE4+Release-4.20-CL-4302132
LogInit: Engine Version: 4.20.2-4302132+++UE4+Release-4.20
LogInit: Compatible Engine Version: 4.20.0-4212847+++UE4+Release-4.20
LogInit: Net CL: 4212847
LogInit: OS: Windows 7 (Service Pack 1), CPU: Intel(R) Core(TM) i7-4790 CPU @ 3.60GHz, GPU: NVIDIA Quadro K600 
LogInit: Compiled (64-bit): Aug 21 2018 02:06:06
LogInit: Compiled with Visual C++: 19.13.26129.00
LogInit: Build Configuration: Development
LogInit: Branch Name: ++UE4+Release-4.20
LogInit: Command Line:  
LogInit: Base Directory: C:/Program Files/Epic Games/UE_4.20/Engine/Binaries/Win64/
LogInit: Installed Engine Build: 1
LogDevObjectVersion: Number of dev versions registered: 20
LogDevObjectVersion:   Dev-Blueprints (B0D832E4-1F89-4F0D-ACCF-7EB736FD4AA2): 10
LogDevObjectVersion:   Dev-Build (E1C64328-A22C-4D53-A36C-8E866417BD8C): 0
LogDevObjectVersion:   Dev-Core (375EC13C-06E4-48FB-B500-84F0262A717E): 2
LogDevObjectVersion:   Dev-Editor (E4B068ED-F494-42E9-A231-DA0B2E46BB41): 24
LogDevObjectVersion:   Dev-Framework (CFFC743F-43B0-4480-9391-14DF171D2073): 34
LogDevObjectVersion:   Dev-Mobile (B02B49B5-BB20-44E9-A304-32B752E40360): 2
LogDevObjectVersion:   Dev-Networking (A4E4105C-59A1-49B5-A7C5-40C4547EDFEE): 0
LogDevObjectVersion:   Dev-Online (39C831C9-5AE6-47DC-9A44-9C173E1C8E7C): 0
LogDevObjectVersion:   Dev-Physics (78F01B33-EBEA-4F98-B9B4-84EACCB95AA2): 0
LogDevObjectVersion:   Dev-Platform (6631380F-2D4D-43E0-8009-CF276956A95A): 0
LogDevObjectVersion:   Dev-Rendering (12F88B9F-8875-4AFC-A67C-D90C383ABD29): 26
LogDevObjectVersion:   Dev-Sequencer (7B5AE74C-D270-4C10-A958-57980B212A5A): 9
LogDevObjectVersion:   Dev-VR (D7296918-1DD6-4BDD-9DE2-64A83CC13884): 2
LogDevObjectVersion:   Dev-LoadTimes (C2A15278-BFE7-4AFE-6C17-90FF531DF755): 1
LogDevObjectVersion:   Private-Geometry (6EACA3D4-40EC-4CC1-B786-8BED09428FC5): 3
LogDevObjectVersion:   Dev-AnimPhys (29E575DD-E0A3-4627-9D10-D276232CDCEA): 17
LogDevObjectVersion:   Dev-ReflectionCapture (6B266CEC-1EC7-4B8F-A30B-E4D90942FC07): 1
LogDevObjectVersion:   Dev-Automation (0DF73D61-A23F-47EA-B727-89E90C41499A): 1
LogDevObjectVersion:   FortniteMain (601D1886-AC64-4F84-AA16-D3DE0DEAC7D6): 12
LogDevObjectVersion:   Dev-Enterprise (9DFFBCD6-494F-0158-E221-12823C92A888): 1
LogStreaming: Display: Took  0.001s to delete old logs.
LogInit: Presizing for max 8388607 objects, including 0 objects not considered by GC, pre-allocating 0 bytes for permanent pool.
LogInit: Object subsystem initialized
[2018.09.11-12.43.30:876][  0]LogInit: Selected Device Profile: [Windows]
[2018.09.11-12.43.30:876][  0]LogInit: Applying CVar settings loaded from the selected device profile: [Windows]
[2018.09.11-12.43.30:889][  0]LogHAL: Display: Platform has ~ 16 GB [16920637440 / 17179869184 / 16], which maps to Larger [LargestMinGB=32, LargerMinGB=12, DefaultMinGB=8, SmallerMinGB=6, SmallestMinGB=0)
[2018.09.11-12.43.30:889][  0]LogInit: Setting Device Profile CVar: [[r.Vulkan.UseRealUBs:1]]
[2018.09.11-12.43.30:889][  0]LogInit: Going up to parent DeviceProfile []
[2018.09.11-12.43.30:889][  0]LogInit: Computer: VAN309DT35425
[2018.09.11-12.43.30:889][  0]LogInit: User: 8801492
[2018.09.11-12.43.30:889][  0]LogInit: CPU Page size=4096, Cores=4
[2018.09.11-12.43.30:889][  0]LogInit: High frequency timer resolution =3.507539 MHz
[2018.09.11-12.43.30:889][  0]LogMemory: Memory total: Physical=15.8GB (16GB approx)
[2018.09.11-12.43.30:889][  0]LogMemory: Platform Memory Stats for Windows
[2018.09.11-12.43.30:889][  0]LogMemory: Process Physical Memory: 102.30 MB used, 102.30 MB peak
[2018.09.11-12.43.30:889][  0]LogMemory: Process Virtual Memory: 94.35 MB used, 94.35 MB peak
[2018.09.11-12.43.30:889][  0]LogMemory: Physical Memory: 4823.89 MB used,  11312.88 MB free, 16136.78 MB total
[2018.09.11-12.43.30:889][  0]LogMemory: Virtual Memory: 494.05 MB used,  11312.88 MB free, 8388608.00 MB total
[2018.09.11-12.43.30:905][  0]LogInit: Using OS detected language (en-US).
[2018.09.11-12.43.30:905][  0]LogInit: Using OS detected locale (en-US).
[2018.09.11-12.43.30:906][  0]LogTextLocalizationManager: No specific localization for 'en-US' exists, so the 'en' localization will be used.
[2018.09.11-12.43.31:261][  0]LogStreaming: Display: Took  0.356s to InitEngineTextLocalization.
[2018.09.11-12.43.31:262][  0]LogWindows: Failed to load 'shcore.dll' (GetLastError=126)
[2018.09.11-12.43.31:262][  0]LogWindows: File 'shcore.dll' does not exist
[2018.09.11-12.43.31:262][  0]LogInit: Setting process to DPI aware
[2018.09.11-12.43.31:275][  0]LogSlate: New Slate User Created.  User Index 0, Is Virtual User: 0
[2018.09.11-12.43.31:275][  0]LogSlate: Slate User Registered.  User Index 0, Is Virtual User: 0
[2018.09.11-12.43.31:407][  0]LogHMD: Failed to initialize OpenVR with code 110
[2018.09.11-12.43.31:407][  0]LogD3D11RHI: D3D11 adapters:
[2018.09.11-12.43.31:421][  0]LogD3D11RHI:    0. 'NVIDIA Quadro K600 ' (Feature Level 11_0)
[2018.09.11-12.43.31:421][  0]LogD3D11RHI:       974/0/7812 MB DedicatedVideo/DedicatedSystem/SharedSystem, Outputs:2, VendorId:0x10de
[2018.09.11-12.43.31:421][  0]LogD3D11RHI: Chosen D3D11 Adapter: 0
[2018.09.11-12.43.31:425][  0]LogD3D11RHI: Creating new Direct3DDevice
[2018.09.11-12.43.31:425][  0]LogD3D11RHI:     GPU DeviceId: 0xffa (for the marketing name, search the web for "GPU Device Id")
[2018.09.11-12.43.31:425][  0]LogWindows: EnumDisplayDevices:
[2018.09.11-12.43.31:425][  0]LogWindows:    0. 'NVIDIA Quadro K600 ' (P:1 D:1)
[2018.09.11-12.43.31:425][  0]LogWindows:    1. 'NVIDIA Quadro K600 ' (P:0 D:1)
[2018.09.11-12.43.31:426][  0]LogWindows:    2. 'RDPDD Chained DD' (P:0 D:0)
[2018.09.11-12.43.31:426][  0]LogWindows:    3. 'RDP Encoder Mirror Driver' (P:0 D:0)
[2018.09.11-12.43.31:426][  0]LogWindows:    4. 'RDP Reflector Display Driver' (P:0 D:0)
[2018.09.11-12.43.31:426][  0]LogWindows: DebugString: GetVideoDriverDetailsInvalid PrimaryIsNotTheChoosenAdapter GetVideoDriverDetailsInvalid PrimaryIsNotTheChoosenAdapter GetVideoDriverDetailsInvalid PrimaryIsNotTheChoosenAdapter FoundDriverCount:2 
[2018.09.11-12.43.31:426][  0]LogD3D11RHI:     Adapter Name: NVIDIA Quadro K600 
[2018.09.11-12.43.31:426][  0]LogD3D11RHI:   Driver Version: 311.66 (internal:9.18.13.1166, unified:311.66)
[2018.09.11-12.43.31:426][  0]LogD3D11RHI:      Driver Date: 5-14-2013
[2018.09.11-12.43.31:426][  0]LogRHI: Texture pool is 682 MB (70% of 974 MB)
[2018.09.11-12.43.31:435][  0]LogD3D11RHI: NvAPI_D3D_GetCurrentSLIState failed: 0xfffffff7
[2018.09.11-12.43.31:435][  0]LogD3D11RHI: Async texture creation enabled
[2018.09.11-12.43.31:445][  0]LogD3D11RHI: GPU Timing Frequency: 1000.000000 (Debug: 2 1)
[2018.09.11-12.43.33:575][  0]LogShaderCompilers: Guid format shader working directory is -35 characters bigger than the processId version (../../../../../../Users/8801492/Documents/Unreal Projects/TeamProject1/hg/MyProject/Intermediate/Shaders/WorkingDirectory/8624/).
[2018.09.11-12.43.33:575][  0]LogShaderCompilers: Cleaned the shader compiler working directory 'C:/Users/8801492/AppData/Local/Temp/UnrealShaderWorkingDir/40A6ACC140B21239D37847BE0DB28A22/'.
[2018.09.11-12.43.33:834][  0]LogTemp: Display: Loaded TP AllDesktopTargetPlatform
[2018.09.11-12.43.33:846][  0]LogTemp: Display: Loaded TP MacClientTargetPlatform
[2018.09.11-12.43.33:857][  0]LogTemp: Display: Loaded TP MacNoEditorTargetPlatform
[2018.09.11-12.43.33:869][  0]LogTemp: Display: Loaded TP MacServerTargetPlatform
[2018.09.11-12.43.33:882][  0]LogTemp: Display: Loaded TP MacTargetPlatform
[2018.09.11-12.43.33:893][  0]LogTemp: Display: Loaded TP WindowsClientTargetPlatform
[2018.09.11-12.43.33:905][  0]LogTemp: Display: Loaded TP WindowsNoEditorTargetPlatform
[2018.09.11-12.43.33:917][  0]LogTemp: Display: Loaded TP WindowsServerTargetPlatform
[2018.09.11-12.43.33:922][  0]LogTemp: Display: Loaded TP WindowsTargetPlatform
[2018.09.11-12.43.33:993][  0]LogTemp: Display: Loaded TP AndroidTargetPlatform
[2018.09.11-12.43.33:994][  0]LogTemp: Display: Loaded TP AndroidTargetPlatform
[2018.09.11-12.43.33:994][  0]LogTemp: Display: Loaded TP AndroidTargetPlatform
[2018.09.11-12.43.33:994][  0]LogTemp: Display: Loaded TP AndroidTargetPlatform
[2018.09.11-12.43.33:994][  0]LogTemp: Display: Loaded TP AndroidTargetPlatform
[2018.09.11-12.43.33:994][  0]LogTemp: Display: Loaded TP AndroidTargetPlatform
[2018.09.11-12.43.33:994][  0]LogTemp: Display: Loaded TP AndroidTargetPlatform
[2018.09.11-12.43.33:994][  0]LogTemp: Display: Loaded TP AndroidTargetPlatform
[2018.09.11-12.43.33:994][  0]LogTemp: Display: Loaded TP AndroidTargetPlatform
[2018.09.11-12.43.33:994][  0]LogTemp: Display: Loaded TP AndroidTargetPlatform
[2018.09.11-12.43.33:994][  0]LogTemp: Display: Loaded TP AndroidTargetPlatform
[2018.09.11-12.43.33:994][  0]LogTemp: Display: Loaded TP AndroidTargetPlatform
[2018.09.11-12.43.33:994][  0]LogTemp: Display: Loaded TP AndroidTargetPlatform
[2018.09.11-12.43.33:994][  0]LogTemp: Display: Loaded TP AndroidTargetPlatform
[2018.09.11-12.43.33:994][  0]LogTemp: Display: Loaded TP AndroidTargetPlatform
[2018.09.11-12.43.33:994][  0]LogTemp: Display: Loaded TP AndroidTargetPlatform
[2018.09.11-12.43.33:994][  0]LogTemp: Display: Loaded TP AndroidTargetPlatform
[2018.09.11-12.43.33:994][  0]LogTemp: Display: Loaded TP AndroidTargetPlatform
[2018.09.11-12.43.33:994][  0]LogTemp: Display: Loaded TP HTML5TargetPlatform
[2018.09.11-12.43.34:049][  0]LogTemp: Display: Loaded TP IOSTargetPlatform
[2018.09.11-12.43.34:049][  0]LogTemp: Display: Loaded TP IOSTargetPlatform
[2018.09.11-12.43.34:070][  0]LogTemp: Display: Loaded TP TVOSTargetPlatform
[2018.09.11-12.43.34:070][  0]LogTemp: Display: Loaded TP TVOSTargetPlatform
[2018.09.11-12.43.34:081][  0]LogTemp: Display: Loaded TP LinuxClientTargetPlatform
[2018.09.11-12.43.34:092][  0]LogTemp: Display: Loaded TP LinuxNoEditorTargetPlatform
[2018.09.11-12.43.34:104][  0]LogTemp: Display: Loaded TP LinuxServerTargetPlatform
[2018.09.11-12.43.34:116][  0]LogTemp: Display: Loaded TP LinuxTargetPlatform
[2018.09.11-12.43.34:124][  0]LogTemp: Display: Loaded TP LuminTargetPlatform
[2018.09.11-12.43.34:124][  0]LogTargetPlatformManager: Display: Building Assets For Windows
[2018.09.11-12.43.34:163][  0]LogXGEController: Cannot use XGE Controller as Incredibuild is not installed on this machine.
[2018.09.11-12.43.34:163][  0]LogShaderCompilers: Cannot use XGE Shader Compiler as Incredibuild is not installed on this machine.
[2018.09.11-12.43.34:163][  0]LogShaderCompilers: Display: Using Local Shader Compiler.
[2018.09.11-12.43.34:830][  0]LogDerivedDataCache: Display: Max Cache Size: 512 MB
[2018.09.11-12.43.34:914][  0]LogDerivedDataCache: Loaded boot cache 0.08s 87MB C:/Users/8801492/AppData/Local/UnrealEngine/4.20/DerivedDataCache/Boot.ddc.
[2018.09.11-12.43.34:915][  0]LogDerivedDataCache: Display: Loaded Boot cache: C:/Users/8801492/AppData/Local/UnrealEngine/4.20/DerivedDataCache/Boot.ddc
[2018.09.11-12.43.34:915][  0]LogDerivedDataCache: FDerivedDataBackendGraph:  Pak pak cache file ../../../../../../Users/8801492/Documents/Unreal Projects/TeamProject1/hg/MyProject/DerivedDataCache/DDC.ddp not found, will not use a pak cache.
[2018.09.11-12.43.34:915][  0]LogDerivedDataCache: Unable to find inner node Pak for hierarchical cache Hierarchy.
[2018.09.11-12.43.34:915][  0]LogDerivedDataCache: FDerivedDataBackendGraph:  CompressedPak pak cache file ../../../../../../Users/8801492/Documents/Unreal Projects/TeamProject1/hg/MyProject/DerivedDataCache/Compressed.ddp not found, will not use a pak cache.
[2018.09.11-12.43.34:915][  0]LogDerivedDataCache: Unable to find inner node CompressedPak for hierarchical cache Hierarchy.
[2018.09.11-12.43.34:927][  0]LogDerivedDataCache: Display: Pak cache opened for reading ../../../Engine/DerivedDataCache/Compressed.ddp.
[2018.09.11-12.43.34:938][  0]LogDerivedDataCache: Using Local data cache path C:/Users/8801492/AppData/Local/UnrealEngine/Common/DerivedDataCache: Writable
[2018.09.11-12.43.34:938][  0]LogDerivedDataCache: Shared data cache path not found in *engine.ini, will not use an Shared cache.
[2018.09.11-12.43.34:938][  0]LogDerivedDataCache: Unable to find inner node Shared for hierarchical cache Hierarchy.
[2018.09.11-12.43.34:956][  0]LogMaterial: Verifying Global Shaders for PCD3D_SM5
[2018.09.11-12.43.34:957][  0]LogSlate: Using FreeType 2.6.0
[2018.09.11-12.43.34:957][  0]LogSlate: SlateFontServices - WITH_FREETYPE: 1, WITH_HARFBUZZ: 1
[2018.09.11-12.43.35:027][  0]LogAssetRegistry: FAssetRegistry took 0.0249 seconds to start up
[2018.09.11-12.43.35:313][  0]LogInit: Selected Device Profile: [Windows]
[2018.09.11-12.43.35:428][  0]LogSimplygon: Simplygon DLL not present - disabling.
[2018.09.11-12.43.35:430][  0]LogMeshReduction: Using SimplygonSwarm for distributed automatic mesh merging
[2018.09.11-12.43.35:430][  0]LogMeshReduction: Using ProxyLODMeshReduction for automatic mesh merging
[2018.09.11-12.43.35:430][  0]LogMeshReduction: Using QuadricMeshReduction for automatic static mesh reduction
[2018.09.11-12.43.35:430][  0]LogMeshReduction: No automatic skeletal mesh reduction module available
[2018.09.11-12.43.35:448][  0]LogNetVersion: MyProject 1.0.0, NetCL: 4212847, EngineNetVer: 5, GameNetVer: 0 (Checksum: 1110078900)
[2018.09.11-12.43.35:979][  0]LogPackageLocalizationCache: Processed 13 localized package path(s) for 2 prioritized culture(s) in 0.112032 seconds
[2018.09.11-12.43.35:986][  0]LogUObjectArray: 38425 objects as part of root set at end of initial load.
[2018.09.11-12.43.35:986][  0]LogUObjectAllocator: 6690872 out of 0 bytes used by permanent object pool.
[2018.09.11-12.43.35:986][  0]LogUObjectArray: CloseDisregardForGC: 0/0 objects in disregard for GC pool
[2018.09.11-12.43.36:733][  0]LogTcpMessaging: Initializing TcpMessaging bridge
[2018.09.11-12.43.36:744][  0]LogUdpMessaging: Initializing bridge on interface 0.0.0.0:0 to multicast group 230.0.0.1:6666.
[2018.09.11-12.43.36:885][  0]SourceControl: Source control is disabled
[2018.09.11-12.43.36:885][  0]SourceControl: Source control is disabled
[2018.09.11-12.43.36:886][  0]SourceControl: Source control is disabled
[2018.09.11-12.43.36:886][  0]SourceControl: Source control is disabled
[2018.09.11-12.43.37:030][  0]LogAndroidPermission: UAndroidPermissionCallbackProxy::GetInstance
[2018.09.11-12.43.37:059][  0]LogOcInput: OculusInput pre-init called
[2018.09.11-12.43.38:618][  0]LogEngine: Initializing Engine...
[2018.09.11-12.43.38:619][  0]LogHMD: Failed to initialize OpenVR with code 110
[2018.09.11-12.43.38:620][  0]LogStats: UGameplayTagsManager::ConstructGameplayTagTree: ImportINI prefixes -  0.000 s
[2018.09.11-12.43.38:620][  0]LogStats: UGameplayTagsManager::ConstructGameplayTagTree: Construct from data asset -  0.000 s
[2018.09.11-12.43.38:620][  0]LogStats: UGameplayTagsManager::ConstructGameplayTagTree: ImportINI -  0.000 s
[2018.09.11-12.43.38:620][  0]LogStats: UGameplayTagsManager::ConstructGameplayTagTree: GameplayTagTreeChangedEvent.Broadcast -  0.000 s
[2018.09.11-12.43.38:845][  0]LogInit: Initializing FReadOnlyCVARCache
[2018.09.11-12.43.38:858][  0]LogAIModule: Creating AISystem for world Untitled
[2018.09.11-12.43.38:951][  0]LogInit: XAudio2 using 'Speakers (Realtek High Definition Audio)' : 2 channels at 48 kHz using 32 bits per sample (channel mask 0x3)
[2018.09.11-12.43.38:958][  0]LogInit: FAudioDevice initialized.
[2018.09.11-12.43.38:958][  0]LogNetVersion: Set ProjectVersion to 1.0.0.0. Version Checksum will be recalculated on next use.
[2018.09.11-12.43.39:075][  0]LogDerivedDataCache: Saved boot cache 0.12s 73MB C:/Users/8801492/AppData/Local/UnrealEngine/4.20/DerivedDataCache/Boot.ddc.
[2018.09.11-12.43.39:084][  0]LogInit: Texture streaming: Enabled
[2018.09.11-12.43.39:097][  0]LogEngineSessionManager: EngineSessionManager initialized
[2018.09.11-12.43.39:108][  0]LogInit: Transaction tracking system initialized
[2018.09.11-12.43.39:122][  0]BlueprintLog: New page: Editor Load
[2018.09.11-12.43.39:171][  0]LocalizationService: Localization service is disabled
[2018.09.11-12.43.39:391][  0]LogCook: Display: Max memory allowance for cook 16384mb min free memory 0mb
[2018.09.11-12.43.39:391][  0]LogCook: Display: Mobile HDR setting 1
[2018.09.11-12.43.39:391][  0]LogGameplayTags: Display: UGameplayTagsManager::DoneAddingNativeTags. DelegateIsBound: 0
[2018.09.11-12.43.39:391][  0]LogStats: UGameplayTagsManager::ConstructGameplayTagTree: ImportINI prefixes -  0.000 s
[2018.09.11-12.43.39:391][  0]LogStats: UGameplayTagsManager::ConstructGameplayTagTree: Construct from data asset -  0.000 s
[2018.09.11-12.43.39:391][  0]LogStats: UGameplayTagsManager::ConstructGameplayTagTree: ImportINI -  0.000 s
[2018.09.11-12.43.39:391][  0]LogStats: UGameplayTagsManager::ConstructGameplayTagTree: GameplayTagTreeChangedEvent.Broadcast -  0.000 s
[2018.09.11-12.43.39:483][  0]LogFileCache: Scanning file cache for directory 'C:/Users/8801492/Documents/Unreal Projects/TeamProject1/hg/MyProject/Content/' took 0.01s
[2018.09.11-12.43.40:457][  0]SourceControl: Source control is disabled
[2018.09.11-12.43.40:457][  0]Cmd: MAP LOAD FILE="../../../../../../Users/8801492/Documents/Unreal Projects/TeamProject1/hg/MyProject/Content/VirtualRealityBP/Maps/StartupMap.umap" TEMPLATE=0 SHOWPROGRESS=1 FEATURELEVEL=3
[2018.09.11-12.43.40:457][  0]LightingResults: New page: Lighting Build
[2018.09.11-12.43.40:459][  0]MapCheck: New page: Map Check
[2018.09.11-12.43.40:459][  0]LightingResults: New page: Lighting Build
[2018.09.11-12.43.40:569][  0]LogAIModule: Creating AISystem for world StartupMap
[2018.09.11-12.43.40:577][  0]LogEditorServer: Finished looking for orphan Actors (0.000 secs)
[2018.09.11-12.43.40:592][  0]Cmd: MAP CHECKDEP NOCLEARLOG
[2018.09.11-12.43.40:639][  0]MapCheck: Map check complete: 0 Error(s), 0 Warning(s), took 46.699ms to complete.
[2018.09.11-12.43.40:639][  0]LogFileHelpers: Loading map 'StartupMap' took 0.182
[2018.09.11-12.43.40:712][  0]LogSlate: Updating window title bar state: overlay mode, drag disabled, window buttons hidden, title bar hidden
[2018.09.11-12.43.40:719][  0]LogSlate: Updating window title bar state: overlay mode, drag disabled, window buttons hidden, title bar hidden
[2018.09.11-12.43.40:726][  0]LogSlate: Updating window title bar state: overlay mode, drag disabled, window buttons hidden, title bar hidden
[2018.09.11-12.43.40:733][  0]LogSlate: Updating window title bar state: overlay mode, drag disabled, window buttons hidden, title bar hidden
[2018.09.11-12.43.40:737][  0]LogCollectionManager: Loaded 0 collections in 0.001102 seconds
[2018.09.11-12.43.40:773][  0]LogFileCache: Scanning file cache for directory 'C:/Users/8801492/Documents/Unreal Projects/TeamProject1/hg/MyProject/Saved/Collections/' took 0.01s
[2018.09.11-12.43.40:773][  0]LogFileCache: Scanning file cache for directory 'C:/Users/8801492/Documents/Unreal Projects/TeamProject1/hg/MyProject/Content/Developers/8801492/Collections/' took 0.01s
[2018.09.11-12.43.40:773][  0]LogFileCache: Scanning file cache for directory 'C:/Users/8801492/Documents/Unreal Projects/TeamProject1/hg/MyProject/Content/Collections/' took 0.01s
[2018.09.11-12.43.40:773][  0]LogCollectionManager: Rebuilt the GUID cache for 0 collections in 0.000000 seconds
[2018.09.11-12.43.40:783][  0]LogContentBrowser: Native class hierarchy populated in 0.0090 seconds. Added 2621 classes and 629 folders.
[2018.09.11-12.43.40:787][  0]LogContentBrowser: Native class hierarchy updated for 'WidgetCarousel' in 0.0002 seconds. Added 0 classes and 0 folders.
[2018.09.11-12.43.40:819][  0]LogContentBrowser: Native class hierarchy updated for 'AddContentDialog' in 0.0003 seconds. Added 0 classes and 0 folders.
[2018.09.11-12.43.40:823][  0]LogContentBrowser: Native class hierarchy updated for 'SceneOutliner' in 0.0003 seconds. Added 1 classes and 2 folders.
[2018.09.11-12.43.40:834][  0]LogSlate: Took 0.000133 seconds to synchronously load lazily loaded font '../../../Engine/Content/Slate/Fonts/Roboto-Regular.ttf' (155K)
[2018.09.11-12.43.40:836][  0]LogSlate: Took 0.000123 seconds to synchronously load lazily loaded font '../../../Engine/Content/Slate/Fonts/Roboto-Bold.ttf' (160K)
[2018.09.11-12.43.40:840][  0]LogSlate: Took 0.000159 seconds to synchronously load lazily loaded font '../../../Engine/Content/Editor/Slate/Fonts/FontAwesome.ttf' (139K)
[2018.09.11-12.43.40:906][  0]LogRenderer: Reallocating scene render targets to support 1208x576 Format 26 NumSamples 1 (Frame:1).
[2018.09.11-12.43.41:384][  0]LogContentBrowser: Native class hierarchy updated for 'HierarchicalLODOutliner' in 0.0003 seconds. Added 0 classes and 0 folders.
[2018.09.11-12.43.41:384][  0]LogLoad: (Engine Initialization) Total time: 11.79 seconds
[2018.09.11-12.43.41:384][  0]LogLoad: (Engine Initialization) Total Blueprint compile time: 0.00 seconds
[2018.09.11-12.43.41:419][  0]LogContentStreaming: Texture pool size now 1000 MB
[2018.09.11-12.43.41:433][  0]LogSlate: Took 0.000141 seconds to synchronously load lazily loaded font '../../../Engine/Content/Slate/Fonts/Roboto-Light.ttf' (167K)
[2018.09.11-12.43.41:473][  1]LogAssetRegistry: Asset discovery search completed in 6.4658 seconds
[2018.09.11-12.43.41:474][  1]LogCollectionManager: Rebuilt the object cache for 0 collections in 0.000001 seconds (found 0 objects)
[2018.09.11-12.43.41:474][  1]LogCollectionManager: Fixed up redirectors for 0 collections in 0.000040 seconds (updated 0 objects)
