Log file open, 09/10/18 07:29:02
LogWindows: Failed to load 'aqProf.dll' (GetLastError=126)
LogWindows: File 'aqProf.dll' does not exist
LogWindows: Failed to load 'VSPerf140.dll' (GetLastError=126)
LogWindows: File 'VSPerf140.dll' does not exist
LogWindows: Failed to load 'VtuneApi.dll' (GetLastError=126)
LogWindows: File 'VtuneApi.dll' does not exist
LogWindows: Failed to load 'VtuneApi32e.dll' (GetLastError=126)
LogWindows: File 'VtuneApi32e.dll' does not exist
LogInit: Display: Running engine for game: MyProject
LogPlatformFile: Not using cached read wrapper
LogTaskGraph: Started task graph with 5 named threads and 23 total threads with 3 sets of task threads.
LogStats: Stats thread started at 0.245909
LogD3D11RHI: Loaded GFSDK_Aftermath_Lib.x64.dll
LogICUInternationalization: Display: ICU TimeZone Detection - Raw Offset: -6:00, Platform Override: ''
LogPluginManager: Mounting plugin Paper2D
LogPluginManager: Mounting plugin AISupport
LogPluginManager: Mounting plugin LightPropagationVolume
LogPluginManager: Mounting plugin CLionSourceCodeAccess
LogPluginManager: Mounting plugin CodeLiteSourceCodeAccess
LogPluginManager: Mounting plugin GitSourceControl
LogPluginManager: Mounting plugin KDevelopSourceCodeAccess
LogPluginManager: Mounting plugin NullSourceCodeAccess
LogPluginManager: Mounting plugin PerforceSourceControl
LogPluginManager: Mounting plugin SubversionSourceControl
LogPluginManager: Mounting plugin UObjectPlugin
LogPluginManager: Mounting plugin VisualStudioCodeSourceCodeAccess
LogPluginManager: Mounting plugin VisualStudioSourceCodeAccess
LogPluginManager: Mounting plugin XCodeSourceCodeAccess
LogPluginManager: Mounting plugin AssetManagerEditor
LogPluginManager: Mounting plugin CryptoKeys
LogPluginManager: Mounting plugin DataValidation
LogPluginManager: Mounting plugin EditorScriptingUtilities
LogPluginManager: Mounting plugin FacialAnimation
LogPluginManager: Mounting plugin GameplayTagsEditor
LogPluginManager: Mounting plugin MacGraphicsSwitching
LogPluginManager: Mounting plugin MeshEditor
LogPluginManager: Mounting plugin MobileLauncherProfileWizard
LogPluginManager: Mounting plugin PluginBrowser
LogPluginManager: Mounting plugin SpeedTreeImporter
LogPluginManager: Mounting plugin DatasmithContent
LogPluginManager: Mounting plugin AlembicImporter
LogPluginManager: Mounting plugin AppleImageUtils
LogPluginManager: Mounting plugin AppleVision
LogPluginManager: Mounting plugin BackChannel
LogPluginManager: Mounting plugin CharacterAI
LogPluginManager: Mounting plugin GeometryCache
LogPluginManager: Mounting plugin HTML5Networking
LogPluginManager: Mounting plugin ProxyLODPlugin
LogPluginManager: Mounting plugin MagicLeap
LogPluginManager: Mounting plugin MagicLeapEmulator
LogPluginManager: Mounting plugin MagicLeapMedia
LogPluginManager: Mounting plugin AndroidMedia
LogPluginManager: Mounting plugin AvfMedia
LogPluginManager: Mounting plugin ImgMedia
LogPluginManager: Mounting plugin LinearTimecode
LogPluginManager: Mounting plugin MediaCompositing
LogPluginManager: Mounting plugin MediaPlayerEditor
LogPluginManager: Mounting plugin WmfMedia
LogPluginManager: Mounting plugin TcpMessaging
LogPluginManager: Mounting plugin UdpMessaging
LogPluginManager: Mounting plugin ActorSequence
LogPluginManager: Mounting plugin LevelSequenceEditor
LogPluginManager: Mounting plugin MatineeToLevelSequence
LogPluginManager: Mounting plugin NetcodeUnitTest
LogPluginManager: Mounting plugin NUTUnrealEngine4
LogPluginManager: Mounting plugin OnlineSubsystemGooglePlay
LogPluginManager: Mounting plugin OnlineSubsystemIOS
LogPluginManager: Mounting plugin OnlineSubsystem
LogPluginManager: Mounting plugin OnlineSubsystemNull
LogPluginManager: Mounting plugin OnlineSubsystemUtils
LogPluginManager: Mounting plugin LauncherChunkInstaller
LogPluginManager: Mounting plugin AndroidDeviceProfileSelector
LogPluginManager: Mounting plugin AndroidMoviePlayer
LogPluginManager: Mounting plugin AndroidPermission
LogPluginManager: Mounting plugin AppleMoviePlayer
LogPluginManager: Mounting plugin ArchVisCharacter
LogPluginManager: Mounting plugin AudioCapture
LogPluginManager: Mounting plugin CableComponent
LogPluginManager: Mounting plugin CustomMeshComponent
LogPluginManager: Mounting plugin EditableMesh
LogPluginManager: Mounting plugin ExampleDeviceProfileSelector
LogPluginManager: Mounting plugin GoogleCloudMessaging
LogPluginManager: Mounting plugin ImmediatePhysics
LogPluginManager: Mounting plugin IOSDeviceProfileSelector
LogPluginManager: Mounting plugin LinuxDeviceProfileSelector
LogPluginManager: Mounting plugin LocationServicesBPLibrary
LogPluginManager: Mounting plugin MobilePatchingUtils
LogPluginManager: Mounting plugin OculusVR
LogPluginManager: Plugin shader directory ../../../Engine/Plugins/Runtime/Oculus/OculusVR/Shaders found
LogPluginManager: Mapping shader source directory ../../../Engine/Plugins/Runtime/Oculus/OculusVR/Shaders to virtual directory /Plugin/OculusVR
LogPluginManager: Mounting plugin PhysXVehicles
LogPluginManager: Mounting plugin ProceduralMeshComponent
LogPluginManager: Mounting plugin RuntimePhysXCooking
LogPluginManager: Mounting plugin SteamVR
LogPluginManager: Mounting plugin WindowsMoviePlayer
LogPluginManager: Mounting plugin DatasmithCADImporter
LogPluginManager: Mounting plugin DatasmithFBXImporter
LogPluginManager: Mounting plugin DatasmithImporter
LogPluginManager: Mounting plugin DatasmithMDLImporter
LogPluginManager: Mounting plugin StaticMeshEditorExtension
LogStreaming: Display: Took  0.099s to configure plugins.
LogInit: Using libcurl 7.55.1-DEV
LogInit:  - built for x86_64-pc-win32
LogInit:  - supports SSL with OpenSSL/1.0.2h
LogInit:  - supports HTTP deflate (compression) using libz 1.2.8
LogInit:  - other features:
LogInit:      CURL_VERSION_SSL
LogInit:      CURL_VERSION_LIBZ
LogInit:      CURL_VERSION_IPV6
LogInit:      CURL_VERSION_ASYNCHDNS
LogInit:      CURL_VERSION_LARGEFILE
LogInit:      CURL_VERSION_IDN
LogInit:  CurlRequestOptions (configurable via config and command line):
LogInit:  - bVerifyPeer = false  - Libcurl will NOT verify peer certificate
LogInit:  - bUseHttpProxy = false  - Libcurl will NOT use HTTP proxy
LogInit:  - bDontReuseConnections = false  - Libcurl will reuse connections
LogInit:  - CertBundlePath = nullptr  - Libcurl will use whatever was configured at build time.
LogInit:  - MaxHostConnections = 16  - Libcurl will limit the number of connections to a host
LogInit:  - LocalHostAddr = Default
LogInit:  - BufferSize = 65536
LogInit: WinSock: version 1.1 (2.2), MaxSocks=32767, MaxUdp=65467
LogInit: Build: ++UE4+Release-4.20-CL-4302132
LogInit: Engine Version: 4.20.2-4302132+++UE4+Release-4.20
LogInit: Compatible Engine Version: 4.20.0-4212847+++UE4+Release-4.20
LogInit: Net CL: 4212847
LogInit: OS: Windows 7 (Service Pack 1), CPU: Intel(R) Core(TM) i7-4790 CPU @ 3.60GHz, GPU: NVIDIA Quadro K600 
LogInit: Compiled (64-bit): Aug 21 2018 02:06:06
LogInit: Compiled with Visual C++: 19.13.26129.00
LogInit: Build Configuration: Development
LogInit: Branch Name: ++UE4+Release-4.20
LogInit: Command Line: 
LogInit: Base Directory: C:/Program Files/Epic Games/UE_4.20/Engine/Binaries/Win64/
LogInit: Installed Engine Build: 1
LogDevObjectVersion: Number of dev versions registered: 20
LogDevObjectVersion:   Dev-Blueprints (B0D832E4-1F89-4F0D-ACCF-7EB736FD4AA2): 10
LogDevObjectVersion:   Dev-Build (E1C64328-A22C-4D53-A36C-8E866417BD8C): 0
LogDevObjectVersion:   Dev-Core (375EC13C-06E4-48FB-B500-84F0262A717E): 2
LogDevObjectVersion:   Dev-Editor (E4B068ED-F494-42E9-A231-DA0B2E46BB41): 24
LogDevObjectVersion:   Dev-Framework (CFFC743F-43B0-4480-9391-14DF171D2073): 34
LogDevObjectVersion:   Dev-Mobile (B02B49B5-BB20-44E9-A304-32B752E40360): 2
LogDevObjectVersion:   Dev-Networking (A4E4105C-59A1-49B5-A7C5-40C4547EDFEE): 0
LogDevObjectVersion:   Dev-Online (39C831C9-5AE6-47DC-9A44-9C173E1C8E7C): 0
LogDevObjectVersion:   Dev-Physics (78F01B33-EBEA-4F98-B9B4-84EACCB95AA2): 0
LogDevObjectVersion:   Dev-Platform (6631380F-2D4D-43E0-8009-CF276956A95A): 0
LogDevObjectVersion:   Dev-Rendering (12F88B9F-8875-4AFC-A67C-D90C383ABD29): 26
LogDevObjectVersion:   Dev-Sequencer (7B5AE74C-D270-4C10-A958-57980B212A5A): 9
LogDevObjectVersion:   Dev-VR (D7296918-1DD6-4BDD-9DE2-64A83CC13884): 2
LogDevObjectVersion:   Dev-LoadTimes (C2A15278-BFE7-4AFE-6C17-90FF531DF755): 1
LogDevObjectVersion:   Private-Geometry (6EACA3D4-40EC-4CC1-B786-8BED09428FC5): 3
LogDevObjectVersion:   Dev-AnimPhys (29E575DD-E0A3-4627-9D10-D276232CDCEA): 17
LogDevObjectVersion:   Dev-ReflectionCapture (6B266CEC-1EC7-4B8F-A30B-E4D90942FC07): 1
LogDevObjectVersion:   Dev-Automation (0DF73D61-A23F-47EA-B727-89E90C41499A): 1
LogDevObjectVersion:   FortniteMain (601D1886-AC64-4F84-AA16-D3DE0DEAC7D6): 12
LogDevObjectVersion:   Dev-Enterprise (9DFFBCD6-494F-0158-E221-12823C92A888): 1
LogStreaming: Display: Took  0.001s to delete old logs.
LogInit: Presizing for max 8388607 objects, including 0 objects not considered by GC, pre-allocating 0 bytes for permanent pool.
LogInit: Object subsystem initialized
[2018.09.10-12.29.02:856][  0]LogInit: Selected Device Profile: [Windows]
[2018.09.10-12.29.02:856][  0]LogInit: Applying CVar settings loaded from the selected device profile: [Windows]
[2018.09.10-12.29.02:871][  0]LogHAL: Display: Platform has ~ 16 GB [16920637440 / 17179869184 / 16], which maps to Larger [LargestMinGB=32, LargerMinGB=12, DefaultMinGB=8, SmallerMinGB=6, SmallestMinGB=0)
[2018.09.10-12.29.02:871][  0]LogInit: Setting Device Profile CVar: [[r.Vulkan.UseRealUBs:1]]
[2018.09.10-12.29.02:871][  0]LogInit: Going up to parent DeviceProfile []
[2018.09.10-12.29.02:871][  0]LogInit: Computer: VAN309DT35425
[2018.09.10-12.29.02:871][  0]LogInit: User: 8801492
[2018.09.10-12.29.02:871][  0]LogInit: CPU Page size=4096, Cores=4
[2018.09.10-12.29.02:871][  0]LogInit: High frequency timer resolution =3.507539 MHz
[2018.09.10-12.29.02:872][  0]LogMemory: Memory total: Physical=15.8GB (16GB approx)
[2018.09.10-12.29.02:872][  0]LogMemory: Platform Memory Stats for Windows
[2018.09.10-12.29.02:872][  0]LogMemory: Process Physical Memory: 102.22 MB used, 102.22 MB peak
[2018.09.10-12.29.02:872][  0]LogMemory: Process Virtual Memory: 94.33 MB used, 94.33 MB peak
[2018.09.10-12.29.02:872][  0]LogMemory: Physical Memory: 4678.69 MB used,  11458.09 MB free, 16136.78 MB total
[2018.09.10-12.29.02:872][  0]LogMemory: Virtual Memory: 494.05 MB used,  11458.09 MB free, 8388608.00 MB total
[2018.09.10-12.29.02:886][  0]LogInit: Using OS detected language (en-US).
[2018.09.10-12.29.02:886][  0]LogInit: Using OS detected locale (en-US).
[2018.09.10-12.29.02:887][  0]LogTextLocalizationManager: No specific localization for 'en-US' exists, so the 'en' localization will be used.
[2018.09.10-12.29.03:241][  0]LogStreaming: Display: Took  0.355s to InitEngineTextLocalization.
[2018.09.10-12.29.03:241][  0]LogWindows: Failed to load 'shcore.dll' (GetLastError=126)
[2018.09.10-12.29.03:241][  0]LogWindows: File 'shcore.dll' does not exist
[2018.09.10-12.29.03:242][  0]LogInit: Setting process to DPI aware
[2018.09.10-12.29.03:254][  0]LogSlate: New Slate User Created.  User Index 0, Is Virtual User: 0
[2018.09.10-12.29.03:254][  0]LogSlate: Slate User Registered.  User Index 0, Is Virtual User: 0
[2018.09.10-12.29.03:385][  0]LogHMD: Failed to initialize OpenVR with code 110
[2018.09.10-12.29.03:385][  0]LogD3D11RHI: D3D11 adapters:
[2018.09.10-12.29.03:398][  0]LogD3D11RHI:    0. 'NVIDIA Quadro K600 ' (Feature Level 11_0)
[2018.09.10-12.29.03:398][  0]LogD3D11RHI:       974/0/7812 MB DedicatedVideo/DedicatedSystem/SharedSystem, Outputs:2, VendorId:0x10de
[2018.09.10-12.29.03:398][  0]LogD3D11RHI: Chosen D3D11 Adapter: 0
[2018.09.10-12.29.03:402][  0]LogD3D11RHI: Creating new Direct3DDevice
[2018.09.10-12.29.03:402][  0]LogD3D11RHI:     GPU DeviceId: 0xffa (for the marketing name, search the web for "GPU Device Id")
[2018.09.10-12.29.03:402][  0]LogWindows: EnumDisplayDevices:
[2018.09.10-12.29.03:402][  0]LogWindows:    0. 'NVIDIA Quadro K600 ' (P:1 D:1)
[2018.09.10-12.29.03:402][  0]LogWindows:    1. 'NVIDIA Quadro K600 ' (P:0 D:1)
[2018.09.10-12.29.03:402][  0]LogWindows:    2. 'RDPDD Chained DD' (P:0 D:0)
[2018.09.10-12.29.03:403][  0]LogWindows:    3. 'RDP Encoder Mirror Driver' (P:0 D:0)
[2018.09.10-12.29.03:403][  0]LogWindows:    4. 'RDP Reflector Display Driver' (P:0 D:0)
[2018.09.10-12.29.03:403][  0]LogWindows: DebugString: GetVideoDriverDetailsInvalid PrimaryIsNotTheChoosenAdapter GetVideoDriverDetailsInvalid PrimaryIsNotTheChoosenAdapter GetVideoDriverDetailsInvalid PrimaryIsNotTheChoosenAdapter FoundDriverCount:2 
[2018.09.10-12.29.03:403][  0]LogD3D11RHI:     Adapter Name: NVIDIA Quadro K600 
[2018.09.10-12.29.03:403][  0]LogD3D11RHI:   Driver Version: 311.66 (internal:9.18.13.1166, unified:311.66)
[2018.09.10-12.29.03:403][  0]LogD3D11RHI:      Driver Date: 5-14-2013
[2018.09.10-12.29.03:403][  0]LogRHI: Texture pool is 682 MB (70% of 974 MB)
[2018.09.10-12.29.03:411][  0]LogD3D11RHI: NvAPI_D3D_GetCurrentSLIState failed: 0xfffffff7
[2018.09.10-12.29.03:411][  0]LogD3D11RHI: Async texture creation enabled
[2018.09.10-12.29.03:421][  0]LogD3D11RHI: GPU Timing Frequency: 1000.000000 (Debug: 2 1)
[2018.09.10-12.29.10:803][  0]LogShaderCompilers: Guid format shader working directory is -19 characters bigger than the processId version (../../../../../../Users/8801492/Documents/Unreal Projects/MyProject/Intermediate/Shaders/WorkingDirectory/8384/).
[2018.09.10-12.29.10:803][  0]LogShaderCompilers: Cleaned the shader compiler working directory 'C:/Users/8801492/AppData/Local/Temp/UnrealShaderWorkingDir/094D410B4D4A000647B05DA7736EE6D3/'.
[2018.09.10-12.29.11:020][  0]LogTemp: Display: Loaded TP AllDesktopTargetPlatform
[2018.09.10-12.29.11:032][  0]LogTemp: Display: Loaded TP MacClientTargetPlatform
[2018.09.10-12.29.11:043][  0]LogTemp: Display: Loaded TP MacNoEditorTargetPlatform
[2018.09.10-12.29.11:054][  0]LogTemp: Display: Loaded TP MacServerTargetPlatform
[2018.09.10-12.29.11:065][  0]LogTemp: Display: Loaded TP MacTargetPlatform
[2018.09.10-12.29.11:076][  0]LogTemp: Display: Loaded TP WindowsClientTargetPlatform
[2018.09.10-12.29.11:088][  0]LogTemp: Display: Loaded TP WindowsNoEditorTargetPlatform
[2018.09.10-12.29.11:099][  0]LogTemp: Display: Loaded TP WindowsServerTargetPlatform
[2018.09.10-12.29.11:104][  0]LogTemp: Display: Loaded TP WindowsTargetPlatform
[2018.09.10-12.29.11:177][  0]LogTemp: Display: Loaded TP AndroidTargetPlatform
[2018.09.10-12.29.11:177][  0]LogTemp: Display: Loaded TP AndroidTargetPlatform
[2018.09.10-12.29.11:177][  0]LogTemp: Display: Loaded TP AndroidTargetPlatform
[2018.09.10-12.29.11:177][  0]LogTemp: Display: Loaded TP AndroidTargetPlatform
[2018.09.10-12.29.11:177][  0]LogTemp: Display: Loaded TP AndroidTargetPlatform
[2018.09.10-12.29.11:177][  0]LogTemp: Display: Loaded TP AndroidTargetPlatform
[2018.09.10-12.29.11:177][  0]LogTemp: Display: Loaded TP AndroidTargetPlatform
[2018.09.10-12.29.11:177][  0]LogTemp: Display: Loaded TP AndroidTargetPlatform
[2018.09.10-12.29.11:177][  0]LogTemp: Display: Loaded TP AndroidTargetPlatform
[2018.09.10-12.29.11:177][  0]LogTemp: Display: Loaded TP AndroidTargetPlatform
[2018.09.10-12.29.11:177][  0]LogTemp: Display: Loaded TP AndroidTargetPlatform
[2018.09.10-12.29.11:177][  0]LogTemp: Display: Loaded TP AndroidTargetPlatform
[2018.09.10-12.29.11:177][  0]LogTemp: Display: Loaded TP AndroidTargetPlatform
[2018.09.10-12.29.11:177][  0]LogTemp: Display: Loaded TP AndroidTargetPlatform
[2018.09.10-12.29.11:177][  0]LogTemp: Display: Loaded TP AndroidTargetPlatform
[2018.09.10-12.29.11:177][  0]LogTemp: Display: Loaded TP AndroidTargetPlatform
[2018.09.10-12.29.11:177][  0]LogTemp: Display: Loaded TP AndroidTargetPlatform
[2018.09.10-12.29.11:177][  0]LogTemp: Display: Loaded TP AndroidTargetPlatform
[2018.09.10-12.29.11:178][  0]LogTemp: Display: Loaded TP HTML5TargetPlatform
[2018.09.10-12.29.11:232][  0]LogTemp: Display: Loaded TP IOSTargetPlatform
[2018.09.10-12.29.11:232][  0]LogTemp: Display: Loaded TP IOSTargetPlatform
[2018.09.10-12.29.11:253][  0]LogTemp: Display: Loaded TP TVOSTargetPlatform
[2018.09.10-12.29.11:253][  0]LogTemp: Display: Loaded TP TVOSTargetPlatform
[2018.09.10-12.29.11:263][  0]LogTemp: Display: Loaded TP LinuxClientTargetPlatform
[2018.09.10-12.29.11:274][  0]LogTemp: Display: Loaded TP LinuxNoEditorTargetPlatform
[2018.09.10-12.29.11:284][  0]LogTemp: Display: Loaded TP LinuxServerTargetPlatform
[2018.09.10-12.29.11:296][  0]LogTemp: Display: Loaded TP LinuxTargetPlatform
[2018.09.10-12.29.11:303][  0]LogTemp: Display: Loaded TP LuminTargetPlatform
[2018.09.10-12.29.11:303][  0]LogTargetPlatformManager: Display: Building Assets For Windows
[2018.09.10-12.29.11:341][  0]LogXGEController: Cannot use XGE Controller as Incredibuild is not installed on this machine.
[2018.09.10-12.29.11:341][  0]LogShaderCompilers: Cannot use XGE Shader Compiler as Incredibuild is not installed on this machine.
[2018.09.10-12.29.11:341][  0]LogShaderCompilers: Display: Using Local Shader Compiler.
[2018.09.10-12.29.11:997][  0]LogDerivedDataCache: Display: Max Cache Size: 512 MB
[2018.09.10-12.29.12:086][  0]LogDerivedDataCache: Loaded boot cache 0.09s 87MB C:/Users/8801492/AppData/Local/UnrealEngine/4.20/DerivedDataCache/Boot.ddc.
[2018.09.10-12.29.12:086][  0]LogDerivedDataCache: Display: Loaded Boot cache: C:/Users/8801492/AppData/Local/UnrealEngine/4.20/DerivedDataCache/Boot.ddc
[2018.09.10-12.29.12:086][  0]LogDerivedDataCache: FDerivedDataBackendGraph:  Pak pak cache file ../../../../../../Users/8801492/Documents/Unreal Projects/MyProject/DerivedDataCache/DDC.ddp not found, will not use a pak cache.
[2018.09.10-12.29.12:086][  0]LogDerivedDataCache: Unable to find inner node Pak for hierarchical cache Hierarchy.
[2018.09.10-12.29.12:086][  0]LogDerivedDataCache: FDerivedDataBackendGraph:  CompressedPak pak cache file ../../../../../../Users/8801492/Documents/Unreal Projects/MyProject/DerivedDataCache/Compressed.ddp not found, will not use a pak cache.
[2018.09.10-12.29.12:086][  0]LogDerivedDataCache: Unable to find inner node CompressedPak for hierarchical cache Hierarchy.
[2018.09.10-12.29.12:099][  0]LogDerivedDataCache: Display: Pak cache opened for reading ../../../Engine/DerivedDataCache/Compressed.ddp.
[2018.09.10-12.29.12:111][  0]LogDerivedDataCache: Using Local data cache path C:/Users/8801492/AppData/Local/UnrealEngine/Common/DerivedDataCache: Writable
[2018.09.10-12.29.12:111][  0]LogDerivedDataCache: Shared data cache path not found in *engine.ini, will not use an Shared cache.
[2018.09.10-12.29.12:111][  0]LogDerivedDataCache: Unable to find inner node Shared for hierarchical cache Hierarchy.
[2018.09.10-12.29.12:128][  0]LogMaterial: Verifying Global Shaders for PCD3D_SM5
[2018.09.10-12.29.12:130][  0]LogSlate: Using FreeType 2.6.0
[2018.09.10-12.29.12:130][  0]LogSlate: SlateFontServices - WITH_FREETYPE: 1, WITH_HARFBUZZ: 1
[2018.09.10-12.29.12:196][  0]LogAssetRegistry: FAssetRegistry took 0.0240 seconds to start up
[2018.09.10-12.29.12:487][  0]LogInit: Selected Device Profile: [Windows]
[2018.09.10-12.29.12:623][  0]LogSimplygon: Simplygon DLL not present - disabling.
[2018.09.10-12.29.12:626][  0]LogMeshReduction: Using SimplygonSwarm for distributed automatic mesh merging
[2018.09.10-12.29.12:626][  0]LogMeshReduction: Using ProxyLODMeshReduction for automatic mesh merging
[2018.09.10-12.29.12:626][  0]LogMeshReduction: Using QuadricMeshReduction for automatic static mesh reduction
[2018.09.10-12.29.12:626][  0]LogMeshReduction: No automatic skeletal mesh reduction module available
[2018.09.10-12.29.12:644][  0]LogNetVersion: MyProject 1.0.0, NetCL: 4212847, EngineNetVer: 5, GameNetVer: 0 (Checksum: 1110078900)
[2018.09.10-12.29.13:174][  0]LogPackageLocalizationCache: Processed 13 localized package path(s) for 2 prioritized culture(s) in 0.121424 seconds
[2018.09.10-12.29.13:180][  0]LogUObjectArray: 38425 objects as part of root set at end of initial load.
[2018.09.10-12.29.13:180][  0]LogUObjectAllocator: 6690872 out of 0 bytes used by permanent object pool.
[2018.09.10-12.29.13:180][  0]LogUObjectArray: CloseDisregardForGC: 0/0 objects in disregard for GC pool
[2018.09.10-12.29.13:884][  0]LogTcpMessaging: Initializing TcpMessaging bridge
[2018.09.10-12.29.13:897][  0]LogUdpMessaging: Initializing bridge on interface 0.0.0.0:0 to multicast group 230.0.0.1:6666.
[2018.09.10-12.29.14:022][  0]SourceControl: Source control is disabled
[2018.09.10-12.29.14:022][  0]SourceControl: Source control is disabled
[2018.09.10-12.29.14:023][  0]SourceControl: Source control is disabled
[2018.09.10-12.29.14:023][  0]SourceControl: Source control is disabled
[2018.09.10-12.29.14:193][  0]LogAndroidPermission: UAndroidPermissionCallbackProxy::GetInstance
[2018.09.10-12.29.14:222][  0]LogOcInput: OculusInput pre-init called
[2018.09.10-12.29.16:328][  0]LogEngine: Initializing Engine...
[2018.09.10-12.29.16:329][  0]LogHMD: Failed to initialize OpenVR with code 110
[2018.09.10-12.29.16:330][  0]LogStats: UGameplayTagsManager::ConstructGameplayTagTree: ImportINI prefixes -  0.000 s
[2018.09.10-12.29.16:330][  0]LogStats: UGameplayTagsManager::ConstructGameplayTagTree: Construct from data asset -  0.000 s
[2018.09.10-12.29.16:330][  0]LogStats: UGameplayTagsManager::ConstructGameplayTagTree: ImportINI -  0.000 s
[2018.09.10-12.29.16:330][  0]LogStats: UGameplayTagsManager::ConstructGameplayTagTree: GameplayTagTreeChangedEvent.Broadcast -  0.000 s
[2018.09.10-12.29.16:649][  0]LogInit: Initializing FReadOnlyCVARCache
[2018.09.10-12.29.16:658][  0]LogAIModule: Creating AISystem for world Untitled
[2018.09.10-12.29.16:663][  0]LogInit: XAudio2 using 'Speakers (Realtek High Definition Audio)' : 2 channels at 48 kHz using 32 bits per sample (channel mask 0x3)
[2018.09.10-12.29.16:705][  0]LogInit: FAudioDevice initialized.
[2018.09.10-12.29.16:705][  0]LogNetVersion: Set ProjectVersion to 1.0.0.0. Version Checksum will be recalculated on next use.
[2018.09.10-12.29.16:834][  0]LogDerivedDataCache: Saved boot cache 0.13s 87MB C:/Users/8801492/AppData/Local/UnrealEngine/4.20/DerivedDataCache/Boot.ddc.
[2018.09.10-12.29.16:844][  0]LogInit: Texture streaming: Enabled
[2018.09.10-12.29.16:860][  0]LogEngineSessionManager: EngineSessionManager initialized
[2018.09.10-12.29.16:869][  0]LogInit: Transaction tracking system initialized
[2018.09.10-12.29.16:883][  0]BlueprintLog: New page: Editor Load
[2018.09.10-12.29.16:932][  0]LocalizationService: Localization service is disabled
[2018.09.10-12.29.17:300][  0]LogCook: Display: Max memory allowance for cook 16384mb min free memory 0mb
[2018.09.10-12.29.17:300][  0]LogCook: Display: Mobile HDR setting 1
[2018.09.10-12.29.17:300][  0]LogGameplayTags: Display: UGameplayTagsManager::DoneAddingNativeTags. DelegateIsBound: 0
[2018.09.10-12.29.17:300][  0]LogStats: UGameplayTagsManager::ConstructGameplayTagTree: ImportINI prefixes -  0.000 s
[2018.09.10-12.29.17:300][  0]LogStats: UGameplayTagsManager::ConstructGameplayTagTree: Construct from data asset -  0.000 s
[2018.09.10-12.29.17:300][  0]LogStats: UGameplayTagsManager::ConstructGameplayTagTree: ImportINI -  0.000 s
[2018.09.10-12.29.17:300][  0]LogStats: UGameplayTagsManager::ConstructGameplayTagTree: GameplayTagTreeChangedEvent.Broadcast -  0.000 s
[2018.09.10-12.29.17:435][  0]LogFileCache: Scanning file cache for directory 'C:/Users/8801492/Documents/Unreal Projects/MyProject/Content/' took 0.02s
[2018.09.10-12.29.18:451][  0]SourceControl: Source control is disabled
[2018.09.10-12.29.18:590][  0]LogSlate: Took 0.000153 seconds to synchronously load lazily loaded font '../../../Engine/Content/Slate/Fonts/Roboto-Regular.ttf' (155K)
[2018.09.10-12.31.13:237][  0]LogSlate: Window 'Restore Packages' being destroyed
[2018.09.10-12.31.33:164][  0]LogSlate: Window 'Unable to Check Out From Source Control!' being destroyed
[2018.09.10-12.31.33:196][  0]Cmd: MAP LOAD FILE="../../../../../../Users/8801492/Documents/Unreal Projects/MyProject/Content/VirtualRealityBP/Maps/StartupMap.umap" TEMPLATE=0 SHOWPROGRESS=1 FEATURELEVEL=3
[2018.09.10-12.31.33:203][  0]LightingResults: New page: Lighting Build
[2018.09.10-12.31.33:220][  0]MapCheck: New page: Map Check
[2018.09.10-12.31.33:220][  0]LightingResults: New page: Lighting Build
[2018.09.10-12.31.33:409][  0]LogAIModule: Creating AISystem for world StartupMap
[2018.09.10-12.31.33:430][  0]LogEditorServer: Finished looking for orphan Actors (0.000 secs)
[2018.09.10-12.31.33:450][  0]Cmd: MAP CHECKDEP NOCLEARLOG
[2018.09.10-12.31.34:522][  0]MapCheck: Map check complete: 0 Error(s), 0 Warning(s), took 1,072.65ms to complete.
[2018.09.10-12.31.34:523][  0]LogFileHelpers: Loading map 'StartupMap' took 1.327
[2018.09.10-12.31.34:575][  0]LogSlate: Updating window title bar state: overlay mode, drag disabled, window buttons hidden, title bar hidden
[2018.09.10-12.31.34:582][  0]LogSlate: Updating window title bar state: overlay mode, drag disabled, window buttons hidden, title bar hidden
[2018.09.10-12.31.34:590][  0]LogSlate: Updating window title bar state: overlay mode, drag disabled, window buttons hidden, title bar hidden
[2018.09.10-12.31.34:597][  0]LogSlate: Updating window title bar state: overlay mode, drag disabled, window buttons hidden, title bar hidden
[2018.09.10-12.31.34:614][  0]LogCollectionManager: Loaded 0 collections in 0.001385 seconds
[2018.09.10-12.31.34:661][  0]LogFileCache: Scanning file cache for directory 'C:/Users/8801492/Documents/Unreal Projects/MyProject/Saved/Collections/' took 0.01s
[2018.09.10-12.31.34:661][  0]LogFileCache: Scanning file cache for directory 'C:/Users/8801492/Documents/Unreal Projects/MyProject/Content/Developers/8801492/Collections/' took 0.01s
[2018.09.10-12.31.34:661][  0]LogFileCache: Scanning file cache for directory 'C:/Users/8801492/Documents/Unreal Projects/MyProject/Content/Collections/' took 0.01s
[2018.09.10-12.31.34:661][  0]LogCollectionManager: Rebuilt the GUID cache for 0 collections in 0.000000 seconds
[2018.09.10-12.31.34:671][  0]LogContentBrowser: Native class hierarchy populated in 0.0098 seconds. Added 2621 classes and 629 folders.
[2018.09.10-12.31.34:695][  0]LogContentBrowser: Native class hierarchy updated for 'WidgetCarousel' in 0.0003 seconds. Added 0 classes and 0 folders.
[2018.09.10-12.31.34:991][  0]LogContentBrowser: Native class hierarchy updated for 'AddContentDialog' in 0.0002 seconds. Added 0 classes and 0 folders.
[2018.09.10-12.31.35:004][  0]LogContentBrowser: Native class hierarchy updated for 'SceneOutliner' in 0.0003 seconds. Added 1 classes and 2 folders.
[2018.09.10-12.31.35:019][  0]LogSlate: Took 0.003641 seconds to synchronously load lazily loaded font '../../../Engine/Content/Slate/Fonts/Roboto-Bold.ttf' (160K)
[2018.09.10-12.31.35:028][  0]LogSlate: Took 0.004172 seconds to synchronously load lazily loaded font '../../../Engine/Content/Editor/Slate/Fonts/FontAwesome.ttf' (139K)
[2018.09.10-12.31.35:118][  0]LogRenderer: Reallocating scene render targets to support 1208x576 Format 26 NumSamples 1 (Frame:1).
[2018.09.10-12.31.35:610][  0]LogContentBrowser: Native class hierarchy updated for 'HierarchicalLODOutliner' in 0.0003 seconds. Added 0 classes and 0 folders.
[2018.09.10-12.31.35:610][  0]LogLoad: (Engine Initialization) Total time: 154.23 seconds
[2018.09.10-12.31.35:610][  0]LogLoad: (Engine Initialization) Total Blueprint compile time: 0.00 seconds
[2018.09.10-12.31.35:641][  0]LogContentStreaming: Texture pool size now 1000 MB
[2018.09.10-12.31.35:665][  0]LogSlate: Took 0.004038 seconds to synchronously load lazily loaded font '../../../Engine/Content/Slate/Fonts/Roboto-Light.ttf' (167K)
[2018.09.10-12.31.35:691][  1]LogAssetRegistry: Asset discovery search completed in 143.5479 seconds
[2018.09.10-12.31.35:693][  1]LogCollectionManager: Rebuilt the object cache for 0 collections in 0.000000 seconds (found 0 objects)
[2018.09.10-12.31.35:693][  1]LogCollectionManager: Fixed up redirectors for 0 collections in 0.000032 seconds (updated 0 objects)
[2018.09.10-12.34.20:738][629]LogSlate: FSceneViewport::OnFocusLost() reason 0
